Warning: Design 'mvm_uart_system' has '2' unresolved references. For more detailed information, use the "link" command. (UID-341)
 
****************************************
Report : area
Design : mvm_uart_system
Version: T-2022.03-SP5-1
Date   : Sat Apr 29 13:28:25 2023
****************************************

Library(s) Used:

    saed32hvt_ss0p7v125c (File: /home/aedc4/libs/tsmc_32nm/SAED32_EDK/lib/stdcell_hvt/db_nldm/saed32hvt_ss0p7v125c.db)

Number of ports:                            4
Number of nets:                           794
Number of cells:                          659
Number of combinational cells:            432
Number of sequential cells:               227
Number of macros/black boxes:               0
Number of buf/inv:                         66
Number of references:                      40

Combinational area:               1104.763966
Buf/Inv area:                      100.132736
Noncombinational area:            1601.869660
Macro/Black Box area:                0.000000
Net Interconnect area:             901.624268

Total cell area:                  2706.633626
Total area:                       3608.257894

Information: This design contains black box (unknown) components. (RPT-8)
1
