Warning: Design 'mvm_uart_system' has '2' unresolved references. For more detailed information, use the "link" command. (UID-341)
 
****************************************
Report : cell
Design : mvm_uart_system
Version: T-2022.03-SP5-1
Date   : Sat Apr 29 13:28:25 2023
****************************************

Attributes:
    b - black box (unknown)
    h - hierarchical
   mo - map_only
    n - noncombinational
    p - parameterized
    r - removable
   so - sizing only
    u - contains unmapped logic

Cell                      Reference       Library             Area  Attributes
--------------------------------------------------------------------------------
AXIS_MVM_MATVEC           matvec_mul                      0.000000  b, p
AXIS_MVM_SKID             skid_buffer                     0.000000  b, p
AXIS_MVM_U2               AO22X1_HVT      saed32hvt_ss0p7v125c
                                                          2.541440  
AXIS_MVM_U3               AO22X1_HVT      saed32hvt_ss0p7v125c
                                                          2.541440  
AXIS_MVM_U4               INVX0_HVT       saed32hvt_ss0p7v125c
                                                          1.270720  
AXIS_MVM_i_valid_reg      DFFARX1_HVT     saed32hvt_ss0p7v125c
                                                          7.116032  n, so
AXIS_MVM_shift_reg_0_     DFFARX1_HVT     saed32hvt_ss0p7v125c
                                                          7.116032  n
U1                        INVX1_HVT       saed32hvt_ss0p7v125c
                                                          1.270720  
U2                        AO21X2_HVT      saed32hvt_ss0p7v125c
                                                          2.795584  
U3                        AO21X2_HVT      saed32hvt_ss0p7v125c
                                                          2.795584  
U4                        INVX0_HVT       saed32hvt_ss0p7v125c
                                                          1.270720  
U5                        NAND2X0_HVT     saed32hvt_ss0p7v125c
                                                          1.524864  
U6                        NAND2X0_HVT     saed32hvt_ss0p7v125c
                                                          1.524864  
U7                        INVX1_HVT       saed32hvt_ss0p7v125c
                                                          1.270720  
U8                        NAND3X0_HVT     saed32hvt_ss0p7v125c
                                                          1.779008  
U9                        NAND3X2_HVT     saed32hvt_ss0p7v125c
                                                          3.049728  
U10                       NAND2X0_HVT     saed32hvt_ss0p7v125c
                                                          1.524864  
U11                       INVX1_HVT       saed32hvt_ss0p7v125c
                                                          1.270720  
U12                       INVX1_HVT       saed32hvt_ss0p7v125c
                                                          1.270720  
U13                       INVX2_HVT       saed32hvt_ss0p7v125c
                                                          1.524864  
U14                       AND2X1_HVT      saed32hvt_ss0p7v125c
                                                          2.033152  
U15                       AND2X1_HVT      saed32hvt_ss0p7v125c
                                                          2.033152  
U16                       NAND2X0_HVT     saed32hvt_ss0p7v125c
                                                          1.524864  
U17                       NAND2X0_HVT     saed32hvt_ss0p7v125c
                                                          1.524864  
U18                       INVX1_HVT       saed32hvt_ss0p7v125c
                                                          1.270720  
U19                       NAND3X0_HVT     saed32hvt_ss0p7v125c
                                                          1.779008  
U20                       NAND2X0_HVT     saed32hvt_ss0p7v125c
                                                          1.524864  
U21                       INVX0_HVT       saed32hvt_ss0p7v125c
                                                          1.270720  
U22                       INVX1_HVT       saed32hvt_ss0p7v125c
                                                          1.270720  
U23                       OR4X1_HVT       saed32hvt_ss0p7v125c
                                                          3.558016  
U24                       NAND4X1_HVT     saed32hvt_ss0p7v125c
                                                          3.049728  
U25                       XOR2X2_HVT      saed32hvt_ss0p7v125c
                                                          4.574592  
U26                       INVX1_HVT       saed32hvt_ss0p7v125c
                                                          1.270720  
U27                       INVX2_HVT       saed32hvt_ss0p7v125c
                                                          1.524864  
U28                       IBUFFX2_HVT     saed32hvt_ss0p7v125c
                                                          2.541440  
U29                       INVX1_HVT       saed32hvt_ss0p7v125c
                                                          1.270720  
U30                       NOR2X0_HVT      saed32hvt_ss0p7v125c
                                                          2.541440  
U31                       NAND2X0_HVT     saed32hvt_ss0p7v125c
                                                          1.524864  
U32                       NAND4X0_HVT     saed32hvt_ss0p7v125c
                                                          2.033152  
U33                       IBUFFX2_HVT     saed32hvt_ss0p7v125c
                                                          2.541440  
U34                       NOR4X1_HVT      saed32hvt_ss0p7v125c
                                                          3.049728  
U35                       AND4X1_HVT      saed32hvt_ss0p7v125c
                                                          2.541440  
U36                       AND4X1_HVT      saed32hvt_ss0p7v125c
                                                          2.541440  
U37                       XNOR2X2_HVT     saed32hvt_ss0p7v125c
                                                          4.574592  
U38                       IBUFFX2_HVT     saed32hvt_ss0p7v125c
                                                          2.541440  
U39                       INVX1_HVT       saed32hvt_ss0p7v125c
                                                          1.270720  
U40                       OR2X1_HVT       saed32hvt_ss0p7v125c
                                                          2.033152  
U41                       INVX2_HVT       saed32hvt_ss0p7v125c
                                                          1.524864  
U42                       AND4X2_HVT      saed32hvt_ss0p7v125c
                                                          3.812160  
U43                       NAND4X0_HVT     saed32hvt_ss0p7v125c
                                                          2.033152  
U44                       NAND4X0_HVT     saed32hvt_ss0p7v125c
                                                          2.033152  
U45                       NAND4X0_HVT     saed32hvt_ss0p7v125c
                                                          2.033152  
U46                       AND4X1_HVT      saed32hvt_ss0p7v125c
                                                          2.541440  
U47                       AND2X1_HVT      saed32hvt_ss0p7v125c
                                                          2.033152  
U48                       OA21X1_HVT      saed32hvt_ss0p7v125c
                                                          2.541440  
U49                       AND4X1_HVT      saed32hvt_ss0p7v125c
                                                          2.541440  
U50                       XOR2X2_HVT      saed32hvt_ss0p7v125c
                                                          4.574592  
U51                       AND4X1_HVT      saed32hvt_ss0p7v125c
                                                          2.541440  
U52                       XOR2X2_HVT      saed32hvt_ss0p7v125c
                                                          4.574592  
U53                       NOR4X0_HVT      saed32hvt_ss0p7v125c
                                                          3.049728  
U54                       INVX0_HVT       saed32hvt_ss0p7v125c
                                                          1.270720  
U55                       AND4X1_HVT      saed32hvt_ss0p7v125c
                                                          2.541440  
U56                       AND4X1_HVT      saed32hvt_ss0p7v125c
                                                          2.541440  
U57                       NOR4X1_HVT      saed32hvt_ss0p7v125c
                                                          3.049728  
U58                       NAND4X0_HVT     saed32hvt_ss0p7v125c
                                                          2.033152  
U59                       NAND4X0_HVT     saed32hvt_ss0p7v125c
                                                          2.033152  
U60                       AO21X1_HVT      saed32hvt_ss0p7v125c
                                                          2.541440  
U61                       AO21X1_HVT      saed32hvt_ss0p7v125c
                                                          2.541440  
U62                       NOR4X1_HVT      saed32hvt_ss0p7v125c
                                                          3.049728  
U63                       INVX1_HVT       saed32hvt_ss0p7v125c
                                                          1.270720  
U64                       NOR4X1_HVT      saed32hvt_ss0p7v125c
                                                          3.049728  
U65                       INVX1_HVT       saed32hvt_ss0p7v125c
                                                          1.270720  
U66                       INVX1_HVT       saed32hvt_ss0p7v125c
                                                          1.270720  
U67                       NAND3X0_HVT     saed32hvt_ss0p7v125c
                                                          1.779008  
U68                       INVX1_HVT       saed32hvt_ss0p7v125c
                                                          1.270720  
U69                       INVX1_HVT       saed32hvt_ss0p7v125c
                                                          1.270720  
U70                       NAND3X2_HVT     saed32hvt_ss0p7v125c
                                                          3.049728  
U71                       NAND2X0_HVT     saed32hvt_ss0p7v125c
                                                          1.524864  
U72                       INVX1_HVT       saed32hvt_ss0p7v125c
                                                          1.270720  
U73                       NOR4X1_HVT      saed32hvt_ss0p7v125c
                                                          3.049728  
U74                       XOR2X2_HVT      saed32hvt_ss0p7v125c
                                                          4.574592  
U75                       AO21X1_HVT      saed32hvt_ss0p7v125c
                                                          2.541440  
U76                       AO21X1_HVT      saed32hvt_ss0p7v125c
                                                          2.541440  
U77                       OAI22X1_HVT     saed32hvt_ss0p7v125c
                                                          3.049728  
U78                       OR2X1_HVT       saed32hvt_ss0p7v125c
                                                          2.033152  
U79                       XOR2X2_HVT      saed32hvt_ss0p7v125c
                                                          4.574592  
U80                       NOR4X1_HVT      saed32hvt_ss0p7v125c
                                                          3.049728  
U81                       NOR4X1_HVT      saed32hvt_ss0p7v125c
                                                          3.049728  
U82                       NAND3X2_HVT     saed32hvt_ss0p7v125c
                                                          3.049728  
U83                       INVX1_HVT       saed32hvt_ss0p7v125c
                                                          1.270720  
U84                       AO22X1_HVT      saed32hvt_ss0p7v125c
                                                          2.541440  
U85                       AO22X1_HVT      saed32hvt_ss0p7v125c
                                                          2.541440  
U86                       AO22X1_HVT      saed32hvt_ss0p7v125c
                                                          2.541440  
U87                       OR3X1_HVT       saed32hvt_ss0p7v125c
                                                          2.287296  
U88                       OAI22X1_HVT     saed32hvt_ss0p7v125c
                                                          3.049728  
U89                       IBUFFX2_HVT     saed32hvt_ss0p7v125c
                                                          2.541440  
U90                       INVX1_HVT       saed32hvt_ss0p7v125c
                                                          1.270720  
U91                       NAND4X0_HVT     saed32hvt_ss0p7v125c
                                                          2.033152  
U92                       NOR4X1_HVT      saed32hvt_ss0p7v125c
                                                          3.049728  
U93                       NAND4X0_HVT     saed32hvt_ss0p7v125c
                                                          2.033152  
U94                       NAND4X0_HVT     saed32hvt_ss0p7v125c
                                                          2.033152  
U95                       NAND4X0_HVT     saed32hvt_ss0p7v125c
                                                          2.033152  
U96                       NAND4X0_HVT     saed32hvt_ss0p7v125c
                                                          2.033152  
U97                       INVX1_HVT       saed32hvt_ss0p7v125c
                                                          1.270720  
U98                       NOR4X1_HVT      saed32hvt_ss0p7v125c
                                                          3.049728  
U99                       NOR4X1_HVT      saed32hvt_ss0p7v125c
                                                          3.049728  
U100                      NAND3X2_HVT     saed32hvt_ss0p7v125c
                                                          3.049728  
U101                      INVX8_HVT       saed32hvt_ss0p7v125c
                                                          3.049728  
U102                      INVX1_HVT       saed32hvt_ss0p7v125c
                                                          1.270720  
U103                      INVX0_HVT       saed32hvt_ss0p7v125c
                                                          1.270720  
U104                      NOR4X1_HVT      saed32hvt_ss0p7v125c
                                                          3.049728  
U105                      INVX0_HVT       saed32hvt_ss0p7v125c
                                                          1.270720  
U106                      INVX1_HVT       saed32hvt_ss0p7v125c
                                                          1.270720  
U107                      AOI21X1_HVT     saed32hvt_ss0p7v125c
                                                          3.049728  
U108                      XOR2X2_HVT      saed32hvt_ss0p7v125c
                                                          4.574592  
U109                      OR3X2_HVT       saed32hvt_ss0p7v125c
                                                          2.541440  
U110                      INVX2_HVT       saed32hvt_ss0p7v125c
                                                          1.524864  
U111                      INVX8_HVT       saed32hvt_ss0p7v125c
                                                          3.049728  
U112                      AND2X1_HVT      saed32hvt_ss0p7v125c
                                                          2.033152  
U113                      INVX4_HVT       saed32hvt_ss0p7v125c
                                                          2.033152  
U114                      INVX16_HVT      saed32hvt_ss0p7v125c
                                                          5.082880  
U115                      INVX2_HVT       saed32hvt_ss0p7v125c
                                                          1.524864  
U116                      INVX8_HVT       saed32hvt_ss0p7v125c
                                                          3.049728  
U117                      AND2X1_HVT      saed32hvt_ss0p7v125c
                                                          2.033152  
U118                      NOR4X1_HVT      saed32hvt_ss0p7v125c
                                                          3.049728  
U119                      INVX0_HVT       saed32hvt_ss0p7v125c
                                                          1.270720  
U120                      INVX0_HVT       saed32hvt_ss0p7v125c
                                                          1.270720  
U121                      XOR2X1_HVT      saed32hvt_ss0p7v125c
                                                          4.320448  
UART_RX_U8                AO22X1_HVT      saed32hvt_ss0p7v125c
                                                          2.541440  
UART_RX_U9                AO22X1_HVT      saed32hvt_ss0p7v125c
                                                          2.541440  
UART_RX_U10               INVX0_HVT       saed32hvt_ss0p7v125c
                                                          1.270720  
UART_RX_U11               AO22X1_HVT      saed32hvt_ss0p7v125c
                                                          2.541440  
UART_RX_U12               INVX0_HVT       saed32hvt_ss0p7v125c
                                                          1.270720  
UART_RX_U13               AO22X1_HVT      saed32hvt_ss0p7v125c
                                                          2.541440  
UART_RX_U14               INVX0_HVT       saed32hvt_ss0p7v125c
                                                          1.270720  
UART_RX_U15               AO22X1_HVT      saed32hvt_ss0p7v125c
                                                          2.541440  
UART_RX_U16               INVX0_HVT       saed32hvt_ss0p7v125c
                                                          1.270720  
UART_RX_U17               AO22X1_HVT      saed32hvt_ss0p7v125c
                                                          2.541440  
UART_RX_U18               INVX0_HVT       saed32hvt_ss0p7v125c
                                                          1.270720  
UART_RX_U19               AO22X1_HVT      saed32hvt_ss0p7v125c
                                                          2.541440  
UART_RX_U20               INVX0_HVT       saed32hvt_ss0p7v125c
                                                          1.270720  
UART_RX_U21               AO22X1_HVT      saed32hvt_ss0p7v125c
                                                          2.541440  
UART_RX_U22               INVX0_HVT       saed32hvt_ss0p7v125c
                                                          1.270720  
UART_RX_U23               AO22X1_HVT      saed32hvt_ss0p7v125c
                                                          2.541440  
UART_RX_U24               INVX0_HVT       saed32hvt_ss0p7v125c
                                                          1.270720  
UART_RX_U25               AO22X1_HVT      saed32hvt_ss0p7v125c
                                                          2.541440  
UART_RX_U26               INVX0_HVT       saed32hvt_ss0p7v125c
                                                          1.270720  
UART_RX_U27               AO22X1_HVT      saed32hvt_ss0p7v125c
                                                          2.541440  
UART_RX_U28               INVX0_HVT       saed32hvt_ss0p7v125c
                                                          1.270720  
UART_RX_U29               AO22X1_HVT      saed32hvt_ss0p7v125c
                                                          2.541440  
UART_RX_U30               INVX0_HVT       saed32hvt_ss0p7v125c
                                                          1.270720  
UART_RX_U31               AO21X1_HVT      saed32hvt_ss0p7v125c
                                                          2.541440  
UART_RX_U32               AND4X1_HVT      saed32hvt_ss0p7v125c
                                                          2.541440  
UART_RX_U34               NAND2X0_HVT     saed32hvt_ss0p7v125c
                                                          1.524864  
UART_RX_U37               AO22X1_HVT      saed32hvt_ss0p7v125c
                                                          2.541440  
UART_RX_U38               AO22X1_HVT      saed32hvt_ss0p7v125c
                                                          2.541440  
UART_RX_U39               AO22X1_HVT      saed32hvt_ss0p7v125c
                                                          2.541440  
UART_RX_U40               AO22X1_HVT      saed32hvt_ss0p7v125c
                                                          2.541440  
UART_RX_U41               INVX0_HVT       saed32hvt_ss0p7v125c
                                                          1.270720  
UART_RX_U42               AO22X1_HVT      saed32hvt_ss0p7v125c
                                                          2.541440  
UART_RX_U43               INVX0_HVT       saed32hvt_ss0p7v125c
                                                          1.270720  
UART_RX_U44               AO22X1_HVT      saed32hvt_ss0p7v125c
                                                          2.541440  
UART_RX_U45               AO22X1_HVT      saed32hvt_ss0p7v125c
                                                          2.541440  
UART_RX_U46               AO22X1_HVT      saed32hvt_ss0p7v125c
                                                          2.541440  
UART_RX_U47               AO22X1_HVT      saed32hvt_ss0p7v125c
                                                          2.541440  
UART_RX_U48               AO22X1_HVT      saed32hvt_ss0p7v125c
                                                          2.541440  
UART_RX_U50               AO22X1_HVT      saed32hvt_ss0p7v125c
                                                          2.541440  
UART_RX_U51               AO22X1_HVT      saed32hvt_ss0p7v125c
                                                          2.541440  
UART_RX_U52               AO22X1_HVT      saed32hvt_ss0p7v125c
                                                          2.541440  
UART_RX_U54               AO22X1_HVT      saed32hvt_ss0p7v125c
                                                          2.541440  
UART_RX_U57               OAI222X1_HVT    saed32hvt_ss0p7v125c
                                                          3.812160  
UART_RX_U59               NAND2X0_HVT     saed32hvt_ss0p7v125c
                                                          1.524864  
UART_RX_U60               AO22X1_HVT      saed32hvt_ss0p7v125c
                                                          2.541440  
UART_RX_U61               AO22X1_HVT      saed32hvt_ss0p7v125c
                                                          2.541440  
UART_RX_U62               AND2X1_HVT      saed32hvt_ss0p7v125c
                                                          2.033152  
UART_RX_U63               AO22X1_HVT      saed32hvt_ss0p7v125c
                                                          2.541440  
UART_RX_U64               OR3X1_HVT       saed32hvt_ss0p7v125c
                                                          2.287296  
UART_RX_U65               NAND4X0_HVT     saed32hvt_ss0p7v125c
                                                          2.033152  
UART_RX_U66               AND3X1_HVT      saed32hvt_ss0p7v125c
                                                          2.287296  
UART_RX_U67               NAND3X0_HVT     saed32hvt_ss0p7v125c
                                                          1.779008  
UART_RX_U71               NAND3X0_HVT     saed32hvt_ss0p7v125c
                                                          1.779008  
UART_RX_U72               INVX0_HVT       saed32hvt_ss0p7v125c
                                                          1.270720  
UART_RX_U74               INVX0_HVT       saed32hvt_ss0p7v125c
                                                          1.270720  
UART_RX_U75               INVX0_HVT       saed32hvt_ss0p7v125c
                                                          1.270720  
UART_RX_U76               INVX0_HVT       saed32hvt_ss0p7v125c
                                                          1.270720  
UART_RX_U78               AO21X1_HVT      saed32hvt_ss0p7v125c
                                                          2.541440  
UART_RX_U79               INVX0_HVT       saed32hvt_ss0p7v125c
                                                          1.270720  
UART_RX_U80               NAND2X0_HVT     saed32hvt_ss0p7v125c
                                                          1.524864  
UART_RX_U82               AND3X1_HVT      saed32hvt_ss0p7v125c
                                                          2.287296  
UART_RX_U84               OR2X1_HVT       saed32hvt_ss0p7v125c
                                                          2.033152  
UART_RX_U89               OR3X1_HVT       saed32hvt_ss0p7v125c
                                                          2.287296  
UART_RX_U95               NOR4X0_HVT      saed32hvt_ss0p7v125c
                                                          3.049728  
UART_RX_U96               NOR4X0_HVT      saed32hvt_ss0p7v125c
                                                          3.049728  
UART_RX_U98               OR3X1_HVT       saed32hvt_ss0p7v125c
                                                          2.287296  
UART_RX_U99               NAND4X0_HVT     saed32hvt_ss0p7v125c
                                                          2.033152  
UART_RX_U100              AND3X1_HVT      saed32hvt_ss0p7v125c
                                                          2.287296  
UART_RX_U105              AND4X1_HVT      saed32hvt_ss0p7v125c
                                                          2.541440  
UART_RX_U106              INVX0_HVT       saed32hvt_ss0p7v125c
                                                          1.270720  
UART_RX_U107              NAND3X0_HVT     saed32hvt_ss0p7v125c
                                                          1.779008  
UART_RX_U108              NAND3X0_HVT     saed32hvt_ss0p7v125c
                                                          1.779008  
UART_RX_c_bits_reg_0_     DFFARX1_HVT     saed32hvt_ss0p7v125c
                                                          7.116032  n
UART_RX_c_bits_reg_1_     DFFARX1_HVT     saed32hvt_ss0p7v125c
                                                          7.116032  n
UART_RX_c_bits_reg_2_     DFFARX1_HVT     saed32hvt_ss0p7v125c
                                                          7.116032  n
UART_RX_c_clocks_reg_0_   DFFARX1_HVT     saed32hvt_ss0p7v125c
                                                          7.116032  n
UART_RX_c_clocks_reg_1_   DFFARX1_HVT     saed32hvt_ss0p7v125c
                                                          7.116032  n
UART_RX_c_clocks_reg_2_   DFFARX1_HVT     saed32hvt_ss0p7v125c
                                                          7.116032  n
UART_RX_c_clocks_reg_3_   DFFARX1_HVT     saed32hvt_ss0p7v125c
                                                          7.116032  n
UART_RX_c_clocks_reg_4_   DFFARX1_HVT     saed32hvt_ss0p7v125c
                                                          7.116032  n
UART_RX_c_clocks_reg_5_   DFFARX1_HVT     saed32hvt_ss0p7v125c
                                                          7.116032  n
UART_RX_c_clocks_reg_6_   DFFARX1_HVT     saed32hvt_ss0p7v125c
                                                          7.116032  n
UART_RX_c_clocks_reg_7_   DFFARX1_HVT     saed32hvt_ss0p7v125c
                                                          7.116032  n
UART_RX_c_clocks_reg_8_   DFFARX1_HVT     saed32hvt_ss0p7v125c
                                                          7.116032  n
UART_RX_c_clocks_reg_9_   DFFARX1_HVT     saed32hvt_ss0p7v125c
                                                          7.116032  n
UART_RX_c_clocks_reg_10_  DFFARX1_HVT     saed32hvt_ss0p7v125c
                                                          7.116032  n
UART_RX_c_clocks_reg_11_  DFFARX1_HVT     saed32hvt_ss0p7v125c
                                                          7.116032  n
UART_RX_c_clocks_reg_12_  DFFARX1_HVT     saed32hvt_ss0p7v125c
                                                          7.116032  n
UART_RX_c_clocks_reg_13_  DFFARX1_HVT     saed32hvt_ss0p7v125c
                                                          7.116032  n
UART_RX_c_clocks_reg_14_  DFFARX1_HVT     saed32hvt_ss0p7v125c
                                                          7.116032  n
UART_RX_c_words_reg_0_    DFFARX1_HVT     saed32hvt_ss0p7v125c
                                                          7.116032  n
UART_RX_c_words_reg__1_   DFFARX1_HVT     saed32hvt_ss0p7v125c
                                                          7.116032  n
UART_RX_m_data_reg_0_     DFFARX1_HVT     saed32hvt_ss0p7v125c
                                                          7.116032  n, so
UART_RX_m_data_reg_1_     DFFARX1_HVT     saed32hvt_ss0p7v125c
                                                          7.116032  n, so
UART_RX_m_data_reg_2_     DFFARX1_HVT     saed32hvt_ss0p7v125c
                                                          7.116032  n, so
UART_RX_m_data_reg_3_     DFFARX1_HVT     saed32hvt_ss0p7v125c
                                                          7.116032  n, so
UART_RX_m_data_reg_4_     DFFARX1_HVT     saed32hvt_ss0p7v125c
                                                          7.116032  n, so
UART_RX_m_data_reg_5_     DFFARX1_HVT     saed32hvt_ss0p7v125c
                                                          7.116032  n, so
UART_RX_m_data_reg_6_     DFFARX1_HVT     saed32hvt_ss0p7v125c
                                                          7.116032  n, so
UART_RX_m_data_reg_7_     DFFARX1_HVT     saed32hvt_ss0p7v125c
                                                          7.116032  n, so
UART_RX_m_data_reg_8_     DFFARX1_HVT     saed32hvt_ss0p7v125c
                                                          7.116032  n, so
UART_RX_m_data_reg_9_     DFFARX1_HVT     saed32hvt_ss0p7v125c
                                                          7.116032  n, so
UART_RX_m_data_reg_10_    DFFARX1_HVT     saed32hvt_ss0p7v125c
                                                          7.116032  n, so
UART_RX_m_data_reg_11_    DFFARX1_HVT     saed32hvt_ss0p7v125c
                                                          7.116032  n, so
UART_RX_m_valid_reg       DFFARX1_HVT     saed32hvt_ss0p7v125c
                                                          7.116032  n
UART_RX_r385_U1_1_1       HADDX1_HVT      saed32hvt_ss0p7v125c
                                                          3.303872  mo, r
UART_RX_r385_U1_1_2       HADDX1_HVT      saed32hvt_ss0p7v125c
                                                          3.303872  mo, r
UART_RX_r385_U1_1_3       HADDX1_HVT      saed32hvt_ss0p7v125c
                                                          3.303872  mo, r
UART_RX_r385_U1_1_4       HADDX1_HVT      saed32hvt_ss0p7v125c
                                                          3.303872  mo, r
UART_RX_r385_U1_1_5       HADDX1_HVT      saed32hvt_ss0p7v125c
                                                          3.303872  mo, r
UART_RX_r385_U1_1_6       HADDX1_HVT      saed32hvt_ss0p7v125c
                                                          3.303872  mo, r
UART_RX_r385_U1_1_7       HADDX1_HVT      saed32hvt_ss0p7v125c
                                                          3.303872  mo, r
UART_RX_r385_U1_1_8       HADDX1_HVT      saed32hvt_ss0p7v125c
                                                          3.303872  mo, r
UART_RX_r385_U1_1_9       HADDX1_HVT      saed32hvt_ss0p7v125c
                                                          3.303872  mo, r
UART_RX_r385_U1_1_10      HADDX1_HVT      saed32hvt_ss0p7v125c
                                                          3.303872  mo, r
UART_RX_r385_U1_1_11      HADDX1_HVT      saed32hvt_ss0p7v125c
                                                          3.303872  mo, r
UART_RX_r385_U1_1_12      HADDX1_HVT      saed32hvt_ss0p7v125c
                                                          3.303872  mo, r
UART_RX_r385_U1_1_13      HADDX1_HVT      saed32hvt_ss0p7v125c
                                                          3.303872  mo, r
UART_RX_state_reg_0_      DFFARX1_HVT     saed32hvt_ss0p7v125c
                                                          7.116032  n
UART_RX_state_reg_1_      DFFARX1_HVT     saed32hvt_ss0p7v125c
                                                          7.116032  n
UART_RX_state_reg_2_      DFFARX1_HVT     saed32hvt_ss0p7v125c
                                                          7.116032  n
UART_RX_state_reg_3_      DFFARX1_HVT     saed32hvt_ss0p7v125c
                                                          7.116032  n
UART_RX_state_reg_4_      DFFARX1_HVT     saed32hvt_ss0p7v125c
                                                          7.116032  n
UART_RX_state_reg_5_      DFFARX1_HVT     saed32hvt_ss0p7v125c
                                                          7.116032  n
UART_RX_state_reg_6_      DFFARX1_HVT     saed32hvt_ss0p7v125c
                                                          7.116032  n
UART_RX_state_reg_7_      DFFARX1_HVT     saed32hvt_ss0p7v125c
                                                          7.116032  n
UART_RX_state_reg_8_      DFFARX1_HVT     saed32hvt_ss0p7v125c
                                                          7.116032  n
UART_RX_state_reg_9_      DFFARX1_HVT     saed32hvt_ss0p7v125c
                                                          7.116032  n
UART_RX_state_reg_10_     DFFARX1_HVT     saed32hvt_ss0p7v125c
                                                          7.116032  n
UART_RX_state_reg_11_     DFFARX1_HVT     saed32hvt_ss0p7v125c
                                                          7.116032  n
UART_RX_state_reg_12_     DFFARX1_HVT     saed32hvt_ss0p7v125c
                                                          7.116032  n
UART_RX_state_reg_13_     DFFARX1_HVT     saed32hvt_ss0p7v125c
                                                          7.116032  n
UART_RX_state_reg_14_     DFFARX1_HVT     saed32hvt_ss0p7v125c
                                                          7.116032  n
UART_RX_state_reg_15_     DFFARX1_HVT     saed32hvt_ss0p7v125c
                                                          7.116032  n
UART_RX_state_reg_16_     DFFARX1_HVT     saed32hvt_ss0p7v125c
                                                          7.116032  n
UART_RX_state_reg_17_     DFFARX1_HVT     saed32hvt_ss0p7v125c
                                                          7.116032  n
UART_RX_state_reg_18_     DFFARX1_HVT     saed32hvt_ss0p7v125c
                                                          7.116032  n
UART_RX_state_reg_19_     DFFARX1_HVT     saed32hvt_ss0p7v125c
                                                          7.116032  n
UART_RX_state_reg_20_     DFFARX1_HVT     saed32hvt_ss0p7v125c
                                                          7.116032  n
UART_RX_state_reg_21_     DFFARX1_HVT     saed32hvt_ss0p7v125c
                                                          7.116032  n
UART_RX_state_reg_22_     DFFARX1_HVT     saed32hvt_ss0p7v125c
                                                          7.116032  n
UART_RX_state_reg_23_     DFFARX1_HVT     saed32hvt_ss0p7v125c
                                                          7.116032  n
UART_RX_state_reg_24_     DFFARX1_HVT     saed32hvt_ss0p7v125c
                                                          7.116032  n
UART_RX_state_reg_25_     DFFARX1_HVT     saed32hvt_ss0p7v125c
                                                          7.116032  n
UART_RX_state_reg_26_     DFFARX1_HVT     saed32hvt_ss0p7v125c
                                                          7.116032  n
UART_RX_state_reg_27_     DFFARX1_HVT     saed32hvt_ss0p7v125c
                                                          7.116032  n
UART_RX_state_reg_28_     DFFARX1_HVT     saed32hvt_ss0p7v125c
                                                          7.116032  n
UART_RX_state_reg_29_     DFFARX1_HVT     saed32hvt_ss0p7v125c
                                                          7.116032  n
UART_RX_state_reg_30_     DFFARX1_HVT     saed32hvt_ss0p7v125c
                                                          7.116032  n
UART_RX_state_reg_31_     DFFARX1_HVT     saed32hvt_ss0p7v125c
                                                          7.116032  n
UART_TX_U3                AO21X1_HVT      saed32hvt_ss0p7v125c
                                                          2.541440  
UART_TX_U4                AO221X1_HVT     saed32hvt_ss0p7v125c
                                                          3.049728  
UART_TX_U6                AO221X1_HVT     saed32hvt_ss0p7v125c
                                                          3.049728  
UART_TX_U8                AO221X1_HVT     saed32hvt_ss0p7v125c
                                                          3.049728  
UART_TX_U10               AO221X1_HVT     saed32hvt_ss0p7v125c
                                                          3.049728  
UART_TX_U11               AO21X1_HVT      saed32hvt_ss0p7v125c
                                                          2.541440  
UART_TX_U13               AO221X1_HVT     saed32hvt_ss0p7v125c
                                                          3.049728  
UART_TX_U14               AO21X1_HVT      saed32hvt_ss0p7v125c
                                                          2.541440  
UART_TX_U16               AO221X1_HVT     saed32hvt_ss0p7v125c
                                                          3.049728  
UART_TX_U17               AO21X1_HVT      saed32hvt_ss0p7v125c
                                                          2.541440  
UART_TX_U19               AO221X1_HVT     saed32hvt_ss0p7v125c
                                                          3.049728  
UART_TX_U20               AO21X1_HVT      saed32hvt_ss0p7v125c
                                                          2.541440  
UART_TX_U22               AO221X1_HVT     saed32hvt_ss0p7v125c
                                                          3.049728  
UART_TX_U23               AO21X1_HVT      saed32hvt_ss0p7v125c
                                                          2.541440  
UART_TX_U25               AO221X1_HVT     saed32hvt_ss0p7v125c
                                                          3.049728  
UART_TX_U26               AO21X1_HVT      saed32hvt_ss0p7v125c
                                                          2.541440  
UART_TX_U28               AO221X1_HVT     saed32hvt_ss0p7v125c
                                                          3.049728  
UART_TX_U29               AO21X1_HVT      saed32hvt_ss0p7v125c
                                                          2.541440  
UART_TX_U31               AO221X1_HVT     saed32hvt_ss0p7v125c
                                                          3.049728  
UART_TX_U32               AO21X1_HVT      saed32hvt_ss0p7v125c
                                                          2.541440  
UART_TX_U34               AO221X1_HVT     saed32hvt_ss0p7v125c
                                                          3.049728  
UART_TX_U36               AO221X1_HVT     saed32hvt_ss0p7v125c
                                                          3.049728  
UART_TX_U38               AO221X1_HVT     saed32hvt_ss0p7v125c
                                                          3.049728  
UART_TX_U40               AO221X1_HVT     saed32hvt_ss0p7v125c
                                                          3.049728  
UART_TX_U42               AO221X1_HVT     saed32hvt_ss0p7v125c
                                                          3.049728  
UART_TX_U44               AO221X1_HVT     saed32hvt_ss0p7v125c
                                                          3.049728  
UART_TX_U45               AO21X1_HVT      saed32hvt_ss0p7v125c
                                                          2.541440  
UART_TX_U47               AO221X1_HVT     saed32hvt_ss0p7v125c
                                                          3.049728  
UART_TX_U48               AO21X1_HVT      saed32hvt_ss0p7v125c
                                                          2.541440  
UART_TX_U50               AO221X1_HVT     saed32hvt_ss0p7v125c
                                                          3.049728  
UART_TX_U51               AO21X1_HVT      saed32hvt_ss0p7v125c
                                                          2.541440  
UART_TX_U53               AO221X1_HVT     saed32hvt_ss0p7v125c
                                                          3.049728  
UART_TX_U54               AO21X1_HVT      saed32hvt_ss0p7v125c
                                                          2.541440  
UART_TX_U56               AO221X1_HVT     saed32hvt_ss0p7v125c
                                                          3.049728  
UART_TX_U57               AO21X1_HVT      saed32hvt_ss0p7v125c
                                                          2.541440  
UART_TX_U59               AO221X1_HVT     saed32hvt_ss0p7v125c
                                                          3.049728  
UART_TX_U60               AO21X1_HVT      saed32hvt_ss0p7v125c
                                                          2.541440  
UART_TX_U62               AO221X1_HVT     saed32hvt_ss0p7v125c
                                                          3.049728  
UART_TX_U63               AO21X1_HVT      saed32hvt_ss0p7v125c
                                                          2.541440  
UART_TX_U65               AO221X1_HVT     saed32hvt_ss0p7v125c
                                                          3.049728  
UART_TX_U66               AO21X1_HVT      saed32hvt_ss0p7v125c
                                                          2.541440  
UART_TX_U68               AO221X1_HVT     saed32hvt_ss0p7v125c
                                                          3.049728  
UART_TX_U70               AO221X1_HVT     saed32hvt_ss0p7v125c
                                                          3.049728  
UART_TX_U72               AO221X1_HVT     saed32hvt_ss0p7v125c
                                                          3.049728  
UART_TX_U74               AO221X1_HVT     saed32hvt_ss0p7v125c
                                                          3.049728  
UART_TX_U76               AO221X1_HVT     saed32hvt_ss0p7v125c
                                                          3.049728  
UART_TX_U78               AO221X1_HVT     saed32hvt_ss0p7v125c
                                                          3.049728  
UART_TX_U79               AO21X1_HVT      saed32hvt_ss0p7v125c
                                                          2.541440  
UART_TX_U81               AO221X1_HVT     saed32hvt_ss0p7v125c
                                                          3.049728  
UART_TX_U82               AO21X1_HVT      saed32hvt_ss0p7v125c
                                                          2.541440  
UART_TX_U84               AO221X1_HVT     saed32hvt_ss0p7v125c
                                                          3.049728  
UART_TX_U85               AO21X1_HVT      saed32hvt_ss0p7v125c
                                                          2.541440  
UART_TX_U87               AO221X1_HVT     saed32hvt_ss0p7v125c
                                                          3.049728  
UART_TX_U88               AO21X1_HVT      saed32hvt_ss0p7v125c
                                                          2.541440  
UART_TX_U90               AO221X1_HVT     saed32hvt_ss0p7v125c
                                                          3.049728  
UART_TX_U91               AO21X1_HVT      saed32hvt_ss0p7v125c
                                                          2.541440  
UART_TX_U93               AO221X1_HVT     saed32hvt_ss0p7v125c
                                                          3.049728  
UART_TX_U94               AO21X1_HVT      saed32hvt_ss0p7v125c
                                                          2.541440  
UART_TX_U96               AO221X1_HVT     saed32hvt_ss0p7v125c
                                                          3.049728  
UART_TX_U97               AO21X1_HVT      saed32hvt_ss0p7v125c
                                                          2.541440  
UART_TX_U99               AO221X1_HVT     saed32hvt_ss0p7v125c
                                                          3.049728  
UART_TX_U100              AO21X1_HVT      saed32hvt_ss0p7v125c
                                                          2.541440  
UART_TX_U102              AO221X1_HVT     saed32hvt_ss0p7v125c
                                                          3.049728  
UART_TX_U104              AO221X1_HVT     saed32hvt_ss0p7v125c
                                                          3.049728  
UART_TX_U106              AO221X1_HVT     saed32hvt_ss0p7v125c
                                                          3.049728  
UART_TX_U108              AO221X1_HVT     saed32hvt_ss0p7v125c
                                                          3.049728  
UART_TX_U110              AO221X1_HVT     saed32hvt_ss0p7v125c
                                                          3.049728  
UART_TX_U112              AO221X1_HVT     saed32hvt_ss0p7v125c
                                                          3.049728  
UART_TX_U113              AO21X1_HVT      saed32hvt_ss0p7v125c
                                                          2.541440  
UART_TX_U115              AO221X1_HVT     saed32hvt_ss0p7v125c
                                                          3.049728  
UART_TX_U116              AO21X1_HVT      saed32hvt_ss0p7v125c
                                                          2.541440  
UART_TX_U118              AO221X1_HVT     saed32hvt_ss0p7v125c
                                                          3.049728  
UART_TX_U119              AO21X1_HVT      saed32hvt_ss0p7v125c
                                                          2.541440  
UART_TX_U121              AO221X1_HVT     saed32hvt_ss0p7v125c
                                                          3.049728  
UART_TX_U122              AO21X1_HVT      saed32hvt_ss0p7v125c
                                                          2.541440  
UART_TX_U124              AO221X1_HVT     saed32hvt_ss0p7v125c
                                                          3.049728  
UART_TX_U125              AO21X1_HVT      saed32hvt_ss0p7v125c
                                                          2.541440  
UART_TX_U127              AO221X1_HVT     saed32hvt_ss0p7v125c
                                                          3.049728  
UART_TX_U128              AO21X1_HVT      saed32hvt_ss0p7v125c
                                                          2.541440  
UART_TX_U130              AO221X1_HVT     saed32hvt_ss0p7v125c
                                                          3.049728  
UART_TX_U131              AO21X1_HVT      saed32hvt_ss0p7v125c
                                                          2.541440  
UART_TX_U133              AO221X1_HVT     saed32hvt_ss0p7v125c
                                                          3.049728  
UART_TX_U134              AO21X1_HVT      saed32hvt_ss0p7v125c
                                                          2.541440  
UART_TX_U136              AO221X1_HVT     saed32hvt_ss0p7v125c
                                                          3.049728  
UART_TX_U138              AO221X1_HVT     saed32hvt_ss0p7v125c
                                                          3.049728  
UART_TX_U140              AO221X1_HVT     saed32hvt_ss0p7v125c
                                                          3.049728  
UART_TX_U142              AO221X1_HVT     saed32hvt_ss0p7v125c
                                                          3.049728  
UART_TX_U144              AO221X1_HVT     saed32hvt_ss0p7v125c
                                                          3.049728  
UART_TX_U146              AO221X1_HVT     saed32hvt_ss0p7v125c
                                                          3.049728  
UART_TX_U147              AO21X1_HVT      saed32hvt_ss0p7v125c
                                                          2.541440  
UART_TX_U149              AO221X1_HVT     saed32hvt_ss0p7v125c
                                                          3.049728  
UART_TX_U150              AO21X1_HVT      saed32hvt_ss0p7v125c
                                                          2.541440  
UART_TX_U152              AO221X1_HVT     saed32hvt_ss0p7v125c
                                                          3.049728  
UART_TX_U153              AO21X1_HVT      saed32hvt_ss0p7v125c
                                                          2.541440  
UART_TX_U155              AO221X1_HVT     saed32hvt_ss0p7v125c
                                                          3.049728  
UART_TX_U156              AO21X1_HVT      saed32hvt_ss0p7v125c
                                                          2.541440  
UART_TX_U158              AO221X1_HVT     saed32hvt_ss0p7v125c
                                                          3.049728  
UART_TX_U159              AO21X1_HVT      saed32hvt_ss0p7v125c
                                                          2.541440  
UART_TX_U161              AO221X1_HVT     saed32hvt_ss0p7v125c
                                                          3.049728  
UART_TX_U162              AO21X1_HVT      saed32hvt_ss0p7v125c
                                                          2.541440  
UART_TX_U164              AO221X1_HVT     saed32hvt_ss0p7v125c
                                                          3.049728  
UART_TX_U165              AO21X1_HVT      saed32hvt_ss0p7v125c
                                                          2.541440  
UART_TX_U167              AO221X1_HVT     saed32hvt_ss0p7v125c
                                                          3.049728  
UART_TX_U168              AO21X1_HVT      saed32hvt_ss0p7v125c
                                                          2.541440  
UART_TX_U170              AO221X1_HVT     saed32hvt_ss0p7v125c
                                                          3.049728  
UART_TX_U172              AO221X1_HVT     saed32hvt_ss0p7v125c
                                                          3.049728  
UART_TX_U174              AO221X1_HVT     saed32hvt_ss0p7v125c
                                                          3.049728  
UART_TX_U176              AO221X1_HVT     saed32hvt_ss0p7v125c
                                                          3.049728  
UART_TX_U178              AO221X1_HVT     saed32hvt_ss0p7v125c
                                                          3.049728  
UART_TX_U180              AO221X1_HVT     saed32hvt_ss0p7v125c
                                                          3.049728  
UART_TX_U181              AO21X1_HVT      saed32hvt_ss0p7v125c
                                                          2.541440  
UART_TX_U183              AO221X1_HVT     saed32hvt_ss0p7v125c
                                                          3.049728  
UART_TX_U184              AO21X1_HVT      saed32hvt_ss0p7v125c
                                                          2.541440  
UART_TX_U186              AO221X1_HVT     saed32hvt_ss0p7v125c
                                                          3.049728  
UART_TX_U187              AO21X1_HVT      saed32hvt_ss0p7v125c
                                                          2.541440  
UART_TX_U189              AO221X1_HVT     saed32hvt_ss0p7v125c
                                                          3.049728  
UART_TX_U190              AO21X1_HVT      saed32hvt_ss0p7v125c
                                                          2.541440  
UART_TX_U192              AO221X1_HVT     saed32hvt_ss0p7v125c
                                                          3.049728  
UART_TX_U193              AO21X1_HVT      saed32hvt_ss0p7v125c
                                                          2.541440  
UART_TX_U195              AO221X1_HVT     saed32hvt_ss0p7v125c
                                                          3.049728  
UART_TX_U196              AO21X1_HVT      saed32hvt_ss0p7v125c
                                                          2.541440  
UART_TX_U198              AO221X1_HVT     saed32hvt_ss0p7v125c
                                                          3.049728  
UART_TX_U199              AO21X1_HVT      saed32hvt_ss0p7v125c
                                                          2.541440  
UART_TX_U201              AO221X1_HVT     saed32hvt_ss0p7v125c
                                                          3.049728  
UART_TX_U202              AO21X1_HVT      saed32hvt_ss0p7v125c
                                                          2.541440  
UART_TX_U204              AO221X1_HVT     saed32hvt_ss0p7v125c
                                                          3.049728  
UART_TX_U206              AO221X1_HVT     saed32hvt_ss0p7v125c
                                                          3.049728  
UART_TX_U208              AO221X1_HVT     saed32hvt_ss0p7v125c
                                                          3.049728  
UART_TX_U210              AO221X1_HVT     saed32hvt_ss0p7v125c
                                                          3.049728  
UART_TX_U212              AO221X1_HVT     saed32hvt_ss0p7v125c
                                                          3.049728  
UART_TX_U214              AO221X1_HVT     saed32hvt_ss0p7v125c
                                                          3.049728  
UART_TX_U215              AO21X1_HVT      saed32hvt_ss0p7v125c
                                                          2.541440  
UART_TX_U217              AO221X1_HVT     saed32hvt_ss0p7v125c
                                                          3.049728  
UART_TX_U218              AO21X1_HVT      saed32hvt_ss0p7v125c
                                                          2.541440  
UART_TX_U220              AO221X1_HVT     saed32hvt_ss0p7v125c
                                                          3.049728  
UART_TX_U221              AO21X1_HVT      saed32hvt_ss0p7v125c
                                                          2.541440  
UART_TX_U223              AO221X1_HVT     saed32hvt_ss0p7v125c
                                                          3.049728  
UART_TX_U224              AO21X1_HVT      saed32hvt_ss0p7v125c
                                                          2.541440  
UART_TX_U226              AO221X1_HVT     saed32hvt_ss0p7v125c
                                                          3.049728  
UART_TX_U227              AO21X1_HVT      saed32hvt_ss0p7v125c
                                                          2.541440  
UART_TX_U229              AO221X1_HVT     saed32hvt_ss0p7v125c
                                                          3.049728  
UART_TX_U230              AO21X1_HVT      saed32hvt_ss0p7v125c
                                                          2.541440  
UART_TX_U232              AO221X1_HVT     saed32hvt_ss0p7v125c
                                                          3.049728  
UART_TX_U233              AO21X1_HVT      saed32hvt_ss0p7v125c
                                                          2.541440  
UART_TX_U235              AO221X1_HVT     saed32hvt_ss0p7v125c
                                                          3.049728  
UART_TX_U236              AO21X1_HVT      saed32hvt_ss0p7v125c
                                                          2.541440  
UART_TX_U238              AO221X1_HVT     saed32hvt_ss0p7v125c
                                                          3.049728  
UART_TX_U240              AO221X1_HVT     saed32hvt_ss0p7v125c
                                                          3.049728  
UART_TX_U242              AO221X1_HVT     saed32hvt_ss0p7v125c
                                                          3.049728  
UART_TX_U244              AO221X1_HVT     saed32hvt_ss0p7v125c
                                                          3.049728  
UART_TX_U246              AO221X1_HVT     saed32hvt_ss0p7v125c
                                                          3.049728  
UART_TX_U249              AO221X1_HVT     saed32hvt_ss0p7v125c
                                                          3.049728  
UART_TX_U250              AO21X1_HVT      saed32hvt_ss0p7v125c
                                                          2.541440  
UART_TX_U252              AO221X1_HVT     saed32hvt_ss0p7v125c
                                                          3.049728  
UART_TX_U253              AO21X1_HVT      saed32hvt_ss0p7v125c
                                                          2.541440  
UART_TX_U255              AO221X1_HVT     saed32hvt_ss0p7v125c
                                                          3.049728  
UART_TX_U256              AO21X1_HVT      saed32hvt_ss0p7v125c
                                                          2.541440  
UART_TX_U257              AO221X1_HVT     saed32hvt_ss0p7v125c
                                                          3.049728  
UART_TX_U258              AO21X1_HVT      saed32hvt_ss0p7v125c
                                                          2.541440  
UART_TX_U260              AO221X1_HVT     saed32hvt_ss0p7v125c
                                                          3.049728  
UART_TX_U261              AO21X1_HVT      saed32hvt_ss0p7v125c
                                                          2.541440  
UART_TX_U264              AO21X1_HVT      saed32hvt_ss0p7v125c
                                                          2.541440  
UART_TX_U267              AO21X1_HVT      saed32hvt_ss0p7v125c
                                                          2.541440  
UART_TX_U269              AO221X1_HVT     saed32hvt_ss0p7v125c
                                                          3.049728  
UART_TX_U271              AO221X1_HVT     saed32hvt_ss0p7v125c
                                                          3.049728  
UART_TX_U272              AO21X1_HVT      saed32hvt_ss0p7v125c
                                                          2.541440  
UART_TX_U280              AO22X1_HVT      saed32hvt_ss0p7v125c
                                                          2.541440  
UART_TX_U281              AO22X1_HVT      saed32hvt_ss0p7v125c
                                                          2.541440  
UART_TX_U282              AO22X1_HVT      saed32hvt_ss0p7v125c
                                                          2.541440  
UART_TX_U284              AO22X1_HVT      saed32hvt_ss0p7v125c
                                                          2.541440  
UART_TX_U286              AO22X1_HVT      saed32hvt_ss0p7v125c
                                                          2.541440  
UART_TX_U287              AO22X1_HVT      saed32hvt_ss0p7v125c
                                                          2.541440  
UART_TX_U288              AO22X1_HVT      saed32hvt_ss0p7v125c
                                                          2.541440  
UART_TX_U289              AND2X1_HVT      saed32hvt_ss0p7v125c
                                                          2.033152  
UART_TX_U290              AO22X1_HVT      saed32hvt_ss0p7v125c
                                                          2.541440  
UART_TX_U292              AO22X1_HVT      saed32hvt_ss0p7v125c
                                                          2.541440  
UART_TX_U293              AO22X1_HVT      saed32hvt_ss0p7v125c
                                                          2.541440  
UART_TX_U295              AO22X1_HVT      saed32hvt_ss0p7v125c
                                                          2.541440  
UART_TX_U297              AO22X1_HVT      saed32hvt_ss0p7v125c
                                                          2.541440  
UART_TX_U299              AO22X1_HVT      saed32hvt_ss0p7v125c
                                                          2.541440  
UART_TX_U300              AO22X1_HVT      saed32hvt_ss0p7v125c
                                                          2.541440  
UART_TX_U302              AO22X1_HVT      saed32hvt_ss0p7v125c
                                                          2.541440  
UART_TX_U303              AO22X1_HVT      saed32hvt_ss0p7v125c
                                                          2.541440  
UART_TX_U304              AO22X1_HVT      saed32hvt_ss0p7v125c
                                                          2.541440  
UART_TX_U305              INVX0_HVT       saed32hvt_ss0p7v125c
                                                          1.270720  
UART_TX_U306              AO22X1_HVT      saed32hvt_ss0p7v125c
                                                          2.541440  
UART_TX_U307              INVX0_HVT       saed32hvt_ss0p7v125c
                                                          1.270720  
UART_TX_U308              AO22X1_HVT      saed32hvt_ss0p7v125c
                                                          2.541440  
UART_TX_U309              INVX0_HVT       saed32hvt_ss0p7v125c
                                                          1.270720  
UART_TX_U310              AO22X1_HVT      saed32hvt_ss0p7v125c
                                                          2.541440  
UART_TX_U313              AO22X1_HVT      saed32hvt_ss0p7v125c
                                                          2.541440  
UART_TX_U315              NAND4X0_HVT     saed32hvt_ss0p7v125c
                                                          2.033152  
UART_TX_U316              AND4X1_HVT      saed32hvt_ss0p7v125c
                                                          2.541440  
UART_TX_U324              AO22X1_HVT      saed32hvt_ss0p7v125c
                                                          2.541440  
UART_TX_U325              AO22X1_HVT      saed32hvt_ss0p7v125c
                                                          2.541440  
UART_TX_U327              OR3X1_HVT       saed32hvt_ss0p7v125c
                                                          2.287296  
UART_TX_U328              NAND4X0_HVT     saed32hvt_ss0p7v125c
                                                          2.033152  
UART_TX_U329              AND4X1_HVT      saed32hvt_ss0p7v125c
                                                          2.541440  
UART_TX_U330              NAND4X0_HVT     saed32hvt_ss0p7v125c
                                                          2.033152  
UART_TX_U332              NAND4X0_HVT     saed32hvt_ss0p7v125c
                                                          2.033152  
UART_TX_U335              INVX0_HVT       saed32hvt_ss0p7v125c
                                                          1.270720  
UART_TX_U336              INVX0_HVT       saed32hvt_ss0p7v125c
                                                          1.270720  
UART_TX_U341              AND4X1_HVT      saed32hvt_ss0p7v125c
                                                          2.541440  so
UART_TX_U342              AND2X1_HVT      saed32hvt_ss0p7v125c
                                                          2.033152  
UART_TX_U344              NOR4X0_HVT      saed32hvt_ss0p7v125c
                                                          3.049728  
UART_TX_add_53_U1_1_1     HADDX1_HVT      saed32hvt_ss0p7v125c
                                                          3.303872  mo, r
UART_TX_add_53_U1_1_2     HADDX1_HVT      saed32hvt_ss0p7v125c
                                                          3.303872  mo, r
UART_TX_add_53_U1_1_3     HADDX1_HVT      saed32hvt_ss0p7v125c
                                                          3.303872  mo, r
UART_TX_add_53_U1_1_4     HADDX1_HVT      saed32hvt_ss0p7v125c
                                                          3.303872  mo, r
UART_TX_add_53_U1_1_5     HADDX1_HVT      saed32hvt_ss0p7v125c
                                                          3.303872  mo, r
UART_TX_add_57_U1_1_1     HADDX1_HVT      saed32hvt_ss0p7v125c
                                                          3.303872  mo, r
UART_TX_add_57_U1_1_2     HADDX1_HVT      saed32hvt_ss0p7v125c
                                                          3.303872  mo, r
UART_TX_add_57_U1_1_3     HADDX1_HVT      saed32hvt_ss0p7v125c
                                                          3.303872  mo, r
UART_TX_add_57_U1_1_4     HADDX1_HVT      saed32hvt_ss0p7v125c
                                                          3.303872  mo, r
UART_TX_add_57_U1_1_5     HADDX1_HVT      saed32hvt_ss0p7v125c
                                                          3.303872  mo, r
UART_TX_add_57_U1_1_6     HADDX1_HVT      saed32hvt_ss0p7v125c
                                                          3.303872  mo, r
UART_TX_add_57_U1_1_7     HADDX1_HVT      saed32hvt_ss0p7v125c
                                                          3.303872  mo, r
UART_TX_add_57_U1_1_8     HADDX1_HVT      saed32hvt_ss0p7v125c
                                                          3.303872  mo, r
UART_TX_add_57_U1_1_9     HADDX1_HVT      saed32hvt_ss0p7v125c
                                                          3.303872  mo, r
UART_TX_add_57_U1_1_10    HADDX1_HVT      saed32hvt_ss0p7v125c
                                                          3.303872  mo, r
UART_TX_add_57_U1_1_11    HADDX1_HVT      saed32hvt_ss0p7v125c
                                                          3.303872  mo, r
UART_TX_add_57_U1_1_12    HADDX1_HVT      saed32hvt_ss0p7v125c
                                                          3.303872  mo, r
UART_TX_add_57_U1_1_13    HADDX1_HVT      saed32hvt_ss0p7v125c
                                                          3.303872  mo, r
UART_TX_c_clocks_reg_0_   DFFARX1_HVT     saed32hvt_ss0p7v125c
                                                          7.116032  n
UART_TX_c_clocks_reg_1_   DFFARX1_HVT     saed32hvt_ss0p7v125c
                                                          7.116032  n
UART_TX_c_clocks_reg_2_   DFFARX1_HVT     saed32hvt_ss0p7v125c
                                                          7.116032  n
UART_TX_c_clocks_reg_3_   DFFARX1_HVT     saed32hvt_ss0p7v125c
                                                          7.116032  n
UART_TX_c_clocks_reg_4_   DFFARX1_HVT     saed32hvt_ss0p7v125c
                                                          7.116032  n
UART_TX_c_clocks_reg_5_   DFFARX1_HVT     saed32hvt_ss0p7v125c
                                                          7.116032  n
UART_TX_c_clocks_reg_6_   DFFARX1_HVT     saed32hvt_ss0p7v125c
                                                          7.116032  n
UART_TX_c_clocks_reg_7_   DFFARX1_HVT     saed32hvt_ss0p7v125c
                                                          7.116032  n
UART_TX_c_clocks_reg_8_   DFFARX1_HVT     saed32hvt_ss0p7v125c
                                                          7.116032  n
UART_TX_c_clocks_reg_9_   DFFARX1_HVT     saed32hvt_ss0p7v125c
                                                          7.116032  n
UART_TX_c_clocks_reg_10_  DFFARX1_HVT     saed32hvt_ss0p7v125c
                                                          7.116032  n
UART_TX_c_clocks_reg_11_  DFFARX1_HVT     saed32hvt_ss0p7v125c
                                                          7.116032  n
UART_TX_c_clocks_reg_12_  DFFARX1_HVT     saed32hvt_ss0p7v125c
                                                          7.116032  n
UART_TX_c_clocks_reg_13_  DFFARX1_HVT     saed32hvt_ss0p7v125c
                                                          7.116032  n
UART_TX_c_clocks_reg_14_  DFFARX1_HVT     saed32hvt_ss0p7v125c
                                                          7.116032  n
UART_TX_c_pulses_reg_0_   DFFARX1_HVT     saed32hvt_ss0p7v125c
                                                          7.116032  n
UART_TX_c_pulses_reg_1_   DFFARX1_HVT     saed32hvt_ss0p7v125c
                                                          7.116032  n
UART_TX_c_pulses_reg_2_   DFFARX1_HVT     saed32hvt_ss0p7v125c
                                                          7.116032  n
UART_TX_c_pulses_reg_3_   DFFARX1_HVT     saed32hvt_ss0p7v125c
                                                          7.116032  n
UART_TX_c_pulses_reg_4_   DFFARX1_HVT     saed32hvt_ss0p7v125c
                                                          7.116032  n
UART_TX_c_pulses_reg_5_   DFFARX1_HVT     saed32hvt_ss0p7v125c
                                                          7.116032  n
UART_TX_c_pulses_reg_6_   DFFARX1_HVT     saed32hvt_ss0p7v125c
                                                          7.116032  n
UART_TX_m_packets_reg_0_  DFFASX1_HVT     saed32hvt_ss0p7v125c
                                                          7.116032  n
UART_TX_m_packets_reg_1_  DFFASX1_HVT     saed32hvt_ss0p7v125c
                                                          7.116032  n
UART_TX_m_packets_reg_2_  DFFASX1_HVT     saed32hvt_ss0p7v125c
                                                          7.116032  n
UART_TX_m_packets_reg_3_  DFFASX1_HVT     saed32hvt_ss0p7v125c
                                                          7.116032  n
UART_TX_m_packets_reg_4_  DFFASX1_HVT     saed32hvt_ss0p7v125c
                                                          7.116032  n
UART_TX_m_packets_reg_5_  DFFASX1_HVT     saed32hvt_ss0p7v125c
                                                          7.116032  n
UART_TX_m_packets_reg_6_  DFFASX1_HVT     saed32hvt_ss0p7v125c
                                                          7.116032  n
UART_TX_m_packets_reg_7_  DFFASX1_HVT     saed32hvt_ss0p7v125c
                                                          7.116032  n
UART_TX_m_packets_reg_8_  DFFASX1_HVT     saed32hvt_ss0p7v125c
                                                          7.116032  n
UART_TX_m_packets_reg_9_  DFFASX1_HVT     saed32hvt_ss0p7v125c
                                                          7.116032  n
UART_TX_m_packets_reg_10_ DFFASX1_HVT     saed32hvt_ss0p7v125c
                                                          7.116032  n
UART_TX_m_packets_reg_11_ DFFASX1_HVT     saed32hvt_ss0p7v125c
                                                          7.116032  n
UART_TX_m_packets_reg_12_ DFFASX1_HVT     saed32hvt_ss0p7v125c
                                                          7.116032  n
UART_TX_m_packets_reg_13_ DFFASX1_HVT     saed32hvt_ss0p7v125c
                                                          7.116032  n
UART_TX_m_packets_reg_14_ DFFASX1_HVT     saed32hvt_ss0p7v125c
                                                          7.116032  n
UART_TX_m_packets_reg_15_ DFFASX1_HVT     saed32hvt_ss0p7v125c
                                                          7.116032  n
UART_TX_m_packets_reg_16_ DFFASX1_HVT     saed32hvt_ss0p7v125c
                                                          7.116032  n
UART_TX_m_packets_reg_17_ DFFASX1_HVT     saed32hvt_ss0p7v125c
                                                          7.116032  n
UART_TX_m_packets_reg_18_ DFFASX1_HVT     saed32hvt_ss0p7v125c
                                                          7.116032  n
UART_TX_m_packets_reg_19_ DFFASX1_HVT     saed32hvt_ss0p7v125c
                                                          7.116032  n
UART_TX_m_packets_reg_20_ DFFASX1_HVT     saed32hvt_ss0p7v125c
                                                          7.116032  n
UART_TX_m_packets_reg_21_ DFFASX1_HVT     saed32hvt_ss0p7v125c
                                                          7.116032  n
UART_TX_m_packets_reg_22_ DFFASX1_HVT     saed32hvt_ss0p7v125c
                                                          7.116032  n
UART_TX_m_packets_reg_23_ DFFASX1_HVT     saed32hvt_ss0p7v125c
                                                          7.116032  n
UART_TX_m_packets_reg_24_ DFFASX1_HVT     saed32hvt_ss0p7v125c
                                                          7.116032  n
UART_TX_m_packets_reg_25_ DFFASX1_HVT     saed32hvt_ss0p7v125c
                                                          7.116032  n
UART_TX_m_packets_reg_26_ DFFASX1_HVT     saed32hvt_ss0p7v125c
                                                          7.116032  n
UART_TX_m_packets_reg_27_ DFFASX1_HVT     saed32hvt_ss0p7v125c
                                                          7.116032  n
UART_TX_m_packets_reg_28_ DFFASX1_HVT     saed32hvt_ss0p7v125c
                                                          7.116032  n
UART_TX_m_packets_reg_29_ DFFASX1_HVT     saed32hvt_ss0p7v125c
                                                          7.116032  n
UART_TX_m_packets_reg_30_ DFFASX1_HVT     saed32hvt_ss0p7v125c
                                                          7.116032  n
UART_TX_m_packets_reg_31_ DFFASX1_HVT     saed32hvt_ss0p7v125c
                                                          7.116032  n
UART_TX_m_packets_reg_32_ DFFASX1_HVT     saed32hvt_ss0p7v125c
                                                          7.116032  n
UART_TX_m_packets_reg_33_ DFFASX1_HVT     saed32hvt_ss0p7v125c
                                                          7.116032  n
UART_TX_m_packets_reg_34_ DFFASX1_HVT     saed32hvt_ss0p7v125c
                                                          7.116032  n
UART_TX_m_packets_reg_35_ DFFASX1_HVT     saed32hvt_ss0p7v125c
                                                          7.116032  n
UART_TX_m_packets_reg_36_ DFFASX1_HVT     saed32hvt_ss0p7v125c
                                                          7.116032  n
UART_TX_m_packets_reg_37_ DFFASX1_HVT     saed32hvt_ss0p7v125c
                                                          7.116032  n
UART_TX_m_packets_reg_38_ DFFASX1_HVT     saed32hvt_ss0p7v125c
                                                          7.116032  n
UART_TX_m_packets_reg_39_ DFFASX1_HVT     saed32hvt_ss0p7v125c
                                                          7.116032  n
UART_TX_m_packets_reg_40_ DFFASX1_HVT     saed32hvt_ss0p7v125c
                                                          7.116032  n
UART_TX_m_packets_reg_41_ DFFASX1_HVT     saed32hvt_ss0p7v125c
                                                          7.116032  n
UART_TX_m_packets_reg_42_ DFFASX1_HVT     saed32hvt_ss0p7v125c
                                                          7.116032  n
UART_TX_m_packets_reg_43_ DFFASX1_HVT     saed32hvt_ss0p7v125c
                                                          7.116032  n
UART_TX_m_packets_reg_44_ DFFASX1_HVT     saed32hvt_ss0p7v125c
                                                          7.116032  n
UART_TX_m_packets_reg_45_ DFFASX1_HVT     saed32hvt_ss0p7v125c
                                                          7.116032  n
UART_TX_m_packets_reg_46_ DFFASX1_HVT     saed32hvt_ss0p7v125c
                                                          7.116032  n
UART_TX_m_packets_reg_47_ DFFASX1_HVT     saed32hvt_ss0p7v125c
                                                          7.116032  n
UART_TX_m_packets_reg_48_ DFFASX1_HVT     saed32hvt_ss0p7v125c
                                                          7.116032  n
UART_TX_m_packets_reg_49_ DFFASX1_HVT     saed32hvt_ss0p7v125c
                                                          7.116032  n
UART_TX_m_packets_reg_50_ DFFASX1_HVT     saed32hvt_ss0p7v125c
                                                          7.116032  n
UART_TX_m_packets_reg_51_ DFFASX1_HVT     saed32hvt_ss0p7v125c
                                                          7.116032  n
UART_TX_m_packets_reg_52_ DFFASX1_HVT     saed32hvt_ss0p7v125c
                                                          7.116032  n
UART_TX_m_packets_reg_53_ DFFASX1_HVT     saed32hvt_ss0p7v125c
                                                          7.116032  n
UART_TX_m_packets_reg_54_ DFFASX1_HVT     saed32hvt_ss0p7v125c
                                                          7.116032  n
UART_TX_m_packets_reg_55_ DFFASX1_HVT     saed32hvt_ss0p7v125c
                                                          7.116032  n
UART_TX_m_packets_reg_56_ DFFASX1_HVT     saed32hvt_ss0p7v125c
                                                          7.116032  n
UART_TX_m_packets_reg_57_ DFFASX1_HVT     saed32hvt_ss0p7v125c
                                                          7.116032  n
UART_TX_m_packets_reg_58_ DFFASX1_HVT     saed32hvt_ss0p7v125c
                                                          7.116032  n
UART_TX_m_packets_reg_59_ DFFASX1_HVT     saed32hvt_ss0p7v125c
                                                          7.116032  n
UART_TX_m_packets_reg_60_ DFFASX1_HVT     saed32hvt_ss0p7v125c
                                                          7.116032  n
UART_TX_m_packets_reg_61_ DFFASX1_HVT     saed32hvt_ss0p7v125c
                                                          7.116032  n
UART_TX_m_packets_reg_62_ DFFASX1_HVT     saed32hvt_ss0p7v125c
                                                          7.116032  n
UART_TX_m_packets_reg_63_ DFFASX1_HVT     saed32hvt_ss0p7v125c
                                                          7.116032  n
UART_TX_m_packets_reg_64_ DFFASX1_HVT     saed32hvt_ss0p7v125c
                                                          7.116032  n
UART_TX_m_packets_reg_65_ DFFASX1_HVT     saed32hvt_ss0p7v125c
                                                          7.116032  n
UART_TX_m_packets_reg_66_ DFFASX1_HVT     saed32hvt_ss0p7v125c
                                                          7.116032  n
UART_TX_m_packets_reg_67_ DFFASX1_HVT     saed32hvt_ss0p7v125c
                                                          7.116032  n
UART_TX_m_packets_reg_68_ DFFASX1_HVT     saed32hvt_ss0p7v125c
                                                          7.116032  n
UART_TX_m_packets_reg_69_ DFFASX1_HVT     saed32hvt_ss0p7v125c
                                                          7.116032  n
UART_TX_m_packets_reg_70_ DFFASX1_HVT     saed32hvt_ss0p7v125c
                                                          7.116032  n
UART_TX_m_packets_reg_71_ DFFASX1_HVT     saed32hvt_ss0p7v125c
                                                          7.116032  n
UART_TX_m_packets_reg_72_ DFFASX1_HVT     saed32hvt_ss0p7v125c
                                                          7.116032  n
UART_TX_m_packets_reg_73_ DFFASX1_HVT     saed32hvt_ss0p7v125c
                                                          7.116032  n
UART_TX_m_packets_reg_74_ DFFASX1_HVT     saed32hvt_ss0p7v125c
                                                          7.116032  n
UART_TX_m_packets_reg_75_ DFFASX1_HVT     saed32hvt_ss0p7v125c
                                                          7.116032  n
UART_TX_m_packets_reg_76_ DFFASX1_HVT     saed32hvt_ss0p7v125c
                                                          7.116032  n
UART_TX_m_packets_reg_77_ DFFASX1_HVT     saed32hvt_ss0p7v125c
                                                          7.116032  n
UART_TX_m_packets_reg_78_ DFFASX1_HVT     saed32hvt_ss0p7v125c
                                                          7.116032  n
UART_TX_m_packets_reg_79_ DFFASX1_HVT     saed32hvt_ss0p7v125c
                                                          7.116032  n
UART_TX_m_packets_reg_80_ DFFASX1_HVT     saed32hvt_ss0p7v125c
                                                          7.116032  n
UART_TX_m_packets_reg_81_ DFFASX1_HVT     saed32hvt_ss0p7v125c
                                                          7.116032  n
UART_TX_m_packets_reg_82_ DFFASX1_HVT     saed32hvt_ss0p7v125c
                                                          7.116032  n
UART_TX_m_packets_reg_83_ DFFASX1_HVT     saed32hvt_ss0p7v125c
                                                          7.116032  n
UART_TX_m_packets_reg_84_ DFFASX1_HVT     saed32hvt_ss0p7v125c
                                                          7.116032  n
UART_TX_m_packets_reg_85_ DFFASX1_HVT     saed32hvt_ss0p7v125c
                                                          7.116032  n
UART_TX_m_packets_reg_86_ DFFASX1_HVT     saed32hvt_ss0p7v125c
                                                          7.116032  n
UART_TX_m_packets_reg_87_ DFFASX1_HVT     saed32hvt_ss0p7v125c
                                                          7.116032  n
UART_TX_m_packets_reg_88_ DFFASX1_HVT     saed32hvt_ss0p7v125c
                                                          7.116032  n
UART_TX_m_packets_reg_89_ DFFASX1_HVT     saed32hvt_ss0p7v125c
                                                          7.116032  n
UART_TX_m_packets_reg_90_ DFFASX1_HVT     saed32hvt_ss0p7v125c
                                                          7.116032  n
UART_TX_m_packets_reg_91_ DFFASX1_HVT     saed32hvt_ss0p7v125c
                                                          7.116032  n
UART_TX_m_packets_reg_92_ DFFASX1_HVT     saed32hvt_ss0p7v125c
                                                          7.116032  n
UART_TX_m_packets_reg_93_ DFFASX1_HVT     saed32hvt_ss0p7v125c
                                                          7.116032  n
UART_TX_m_packets_reg_94_ DFFASX1_HVT     saed32hvt_ss0p7v125c
                                                          7.116032  n
UART_TX_m_packets_reg_95_ DFFASX1_HVT     saed32hvt_ss0p7v125c
                                                          7.116032  n
UART_TX_m_packets_reg_96_ DFFASX1_HVT     saed32hvt_ss0p7v125c
                                                          7.116032  n
UART_TX_m_packets_reg_97_ DFFASX1_HVT     saed32hvt_ss0p7v125c
                                                          7.116032  n
UART_TX_m_packets_reg_98_ DFFASX1_HVT     saed32hvt_ss0p7v125c
                                                          7.116032  n
UART_TX_m_packets_reg_99_ DFFASX1_HVT     saed32hvt_ss0p7v125c
                                                          7.116032  n
UART_TX_m_packets_reg_100_
                          DFFASX1_HVT     saed32hvt_ss0p7v125c
                                                          7.116032  n
UART_TX_m_packets_reg_101_
                          DFFASX1_HVT     saed32hvt_ss0p7v125c
                                                          7.116032  n
UART_TX_m_packets_reg_102_
                          DFFASX1_HVT     saed32hvt_ss0p7v125c
                                                          7.116032  n
UART_TX_m_packets_reg_103_
                          DFFASX1_HVT     saed32hvt_ss0p7v125c
                                                          7.116032  n
UART_TX_state_reg_0_      DFFARX2_HVT     saed32hvt_ss0p7v125c
                                                          7.878464  n
UART_TX_state_reg_1_      DFFARX1_HVT     saed32hvt_ss0p7v125c
                                                          7.116032  n
UART_TX_state_reg_2_      DFFARX1_HVT     saed32hvt_ss0p7v125c
                                                          7.116032  n
UART_TX_state_reg_3_      DFFARX1_HVT     saed32hvt_ss0p7v125c
                                                          7.116032  n
UART_TX_state_reg_4_      DFFARX1_HVT     saed32hvt_ss0p7v125c
                                                          7.116032  n
UART_TX_state_reg_5_      DFFARX1_HVT     saed32hvt_ss0p7v125c
                                                          7.116032  n
UART_TX_state_reg_6_      DFFARX1_HVT     saed32hvt_ss0p7v125c
                                                          7.116032  n
UART_TX_state_reg_7_      DFFARX1_HVT     saed32hvt_ss0p7v125c
                                                          7.116032  n
UART_TX_state_reg_8_      DFFARX1_HVT     saed32hvt_ss0p7v125c
                                                          7.116032  n
UART_TX_state_reg_9_      DFFARX1_HVT     saed32hvt_ss0p7v125c
                                                          7.116032  n
UART_TX_state_reg_10_     DFFARX1_HVT     saed32hvt_ss0p7v125c
                                                          7.116032  n
UART_TX_state_reg_11_     DFFARX1_HVT     saed32hvt_ss0p7v125c
                                                          7.116032  n
UART_TX_state_reg_12_     DFFARX1_HVT     saed32hvt_ss0p7v125c
                                                          7.116032  n
UART_TX_state_reg_13_     DFFARX1_HVT     saed32hvt_ss0p7v125c
                                                          7.116032  n
UART_TX_state_reg_14_     DFFARX1_HVT     saed32hvt_ss0p7v125c
                                                          7.116032  n
UART_TX_state_reg_15_     DFFARX1_HVT     saed32hvt_ss0p7v125c
                                                          7.116032  n
UART_TX_state_reg_16_     DFFARX1_HVT     saed32hvt_ss0p7v125c
                                                          7.116032  n
UART_TX_state_reg_17_     DFFARX1_HVT     saed32hvt_ss0p7v125c
                                                          7.116032  n
UART_TX_state_reg_18_     DFFARX1_HVT     saed32hvt_ss0p7v125c
                                                          7.116032  n
UART_TX_state_reg_19_     DFFARX1_HVT     saed32hvt_ss0p7v125c
                                                          7.116032  n
UART_TX_state_reg_20_     DFFARX1_HVT     saed32hvt_ss0p7v125c
                                                          7.116032  n
UART_TX_state_reg_21_     DFFARX1_HVT     saed32hvt_ss0p7v125c
                                                          7.116032  n
UART_TX_state_reg_22_     DFFARX1_HVT     saed32hvt_ss0p7v125c
                                                          7.116032  n
UART_TX_state_reg_23_     DFFARX1_HVT     saed32hvt_ss0p7v125c
                                                          7.116032  n
UART_TX_state_reg_24_     DFFARX1_HVT     saed32hvt_ss0p7v125c
                                                          7.116032  n
UART_TX_state_reg_25_     DFFARX1_HVT     saed32hvt_ss0p7v125c
                                                          7.116032  n
UART_TX_state_reg_26_     DFFARX1_HVT     saed32hvt_ss0p7v125c
                                                          7.116032  n
UART_TX_state_reg_27_     DFFARX1_HVT     saed32hvt_ss0p7v125c
                                                          7.116032  n
UART_TX_state_reg_28_     DFFARX1_HVT     saed32hvt_ss0p7v125c
                                                          7.116032  n
UART_TX_state_reg_29_     DFFARX1_HVT     saed32hvt_ss0p7v125c
                                                          7.116032  n
UART_TX_state_reg_30_     DFFARX1_HVT     saed32hvt_ss0p7v125c
                                                          7.116032  n
UART_TX_state_reg_31_     DFFARX1_HVT     saed32hvt_ss0p7v125c
                                                          7.116032  n
--------------------------------------------------------------------------------
Total 659 cells                                           2706.633626
1
