 
****************************************
Report : reference
Design : mvm_uart_system
Version: T-2022.03-SP5-1
Date   : Sat Apr 29 15:42:33 2023
****************************************

Attributes:
    b - black box (unknown)
   bo - allows boundary optimization
    d - dont_touch
   mo - map_only
    h - hierarchical
    n - noncombinational
    r - removable
    s - synthetic operator
    u - contains unmapped logic

Reference          Library       Unit Area   Count    Total Area   Attributes
-----------------------------------------------------------------------------
AND2X1_HVT         saed32hvt_ss0p7v125c
                                  2.033152      21     42.696194  
AND3X1_HVT         saed32hvt_ss0p7v125c
                                  2.287296       4      9.149184  
AND4X1_HVT         saed32hvt_ss0p7v125c
                                  2.541440      13     33.038720  
AND4X2_HVT         saed32hvt_ss0p7v125c
                                  3.812160       1      3.812160  
AO21X1_HVT         saed32hvt_ss0p7v125c
                                  2.541440      41    104.199040  
AO21X2_HVT         saed32hvt_ss0p7v125c
                                  2.795584       1      2.795584  
AO22X1_HVT         saed32hvt_ss0p7v125c
                                  2.541440     133    338.011521  
AO221X1_HVT        saed32hvt_ss0p7v125c
                                  3.049728     103    314.121975  
AO222X1_HVT        saed32hvt_ss0p7v125c
                                  3.303872      10     33.038721  
AOI21X2_HVT        saed32hvt_ss0p7v125c
                                  3.303872       1      3.303872  
DFFARX1_HVT        saed32hvt_ss0p7v125c
                                  7.116032     121    861.039887  n
DFFASX1_HVT        saed32hvt_ss0p7v125c
                                  7.116032     104    740.067341  n
DFFSSRX1_HVT       saed32hvt_ss0p7v125c
                                  7.370176       1      7.370176  n
DFFX1_HVT          saed32hvt_ss0p7v125c
                                  6.607744      84    555.050514  n
FADDX1_HVT         saed32hvt_ss0p7v125c
                                  4.828736       8     38.629887  r
HADDX1_HVT         saed32hvt_ss0p7v125c
                                  3.303872      30     99.116163  r
HADDX2_HVT         saed32hvt_ss0p7v125c
                                  3.812160       1      3.812160  r
IBUFFX2_HVT        saed32hvt_ss0p7v125c
                                  2.541440       6     15.248640  
INVX0_HVT          saed32hvt_ss0p7v125c
                                  1.270720      33     41.933760  
INVX1_HVT          saed32hvt_ss0p7v125c
                                  1.270720      24     30.497280  
INVX2_HVT          saed32hvt_ss0p7v125c
                                  1.524864      16     24.397823  
INVX4_HVT          saed32hvt_ss0p7v125c
                                  2.033152       4      8.132608  
INVX8_HVT          saed32hvt_ss0p7v125c
                                  3.049728       5     15.248640  
INVX16_HVT         saed32hvt_ss0p7v125c
                                  5.082880       1      5.082880  
INVX32_HVT         saed32hvt_ss0p7v125c
                                  9.149184      27    247.027974  
NAND2X0_HVT        saed32hvt_ss0p7v125c
                                  1.524864      26     39.646463  
NAND2X4_HVT        saed32hvt_ss0p7v125c
                                  3.303872       1      3.303872  
NAND3X0_HVT        saed32hvt_ss0p7v125c
                                  1.779008      19     33.801153  
NAND3X2_HVT        saed32hvt_ss0p7v125c
                                  3.049728       2      6.099456  
NAND4X0_HVT        saed32hvt_ss0p7v125c
                                  2.033152      22     44.729346  
NAND4X1_HVT        saed32hvt_ss0p7v125c
                                  3.049728       1      3.049728  
NBUFFX2_HVT        saed32hvt_ss0p7v125c
                                  2.033152       2      4.066304  
NBUFFX4_HVT        saed32hvt_ss0p7v125c
                                  2.541440       1      2.541440  
NOR2X2_HVT         saed32hvt_ss0p7v125c
                                  2.795584       4     11.182336  
NOR2X4_HVT         saed32hvt_ss0p7v125c
                                  3.303872       1      3.303872  
NOR3X0_HVT         saed32hvt_ss0p7v125c
                                  2.795584       1      2.795584  
NOR4X0_HVT         saed32hvt_ss0p7v125c
                                  3.049728       3      9.149184  
NOR4X1_HVT         saed32hvt_ss0p7v125c
                                  3.049728      12     36.596735  
OA21X1_HVT         saed32hvt_ss0p7v125c
                                  2.541440       2      5.082880  
OA21X2_HVT         saed32hvt_ss0p7v125c
                                  2.795584       1      2.795584  
OAI22X1_HVT        saed32hvt_ss0p7v125c
                                  3.049728       2      6.099456  
OAI22X2_HVT        saed32hvt_ss0p7v125c
                                  3.303872       1      3.303872  
OAI221X1_HVT       saed32hvt_ss0p7v125c
                                  3.558016       4     14.232064  
OAI222X1_HVT       saed32hvt_ss0p7v125c
                                  3.812160       1      3.812160  
OR2X1_HVT          saed32hvt_ss0p7v125c
                                  2.033152       3      6.099456  
OR3X1_HVT          saed32hvt_ss0p7v125c
                                  2.287296       6     13.723776  
OR4X1_HVT          saed32hvt_ss0p7v125c
                                  3.558016       3     10.674048  
OR4X4_HVT          saed32hvt_ss0p7v125c
                                  4.320448       1      4.320448  
XNOR2X2_HVT        saed32hvt_ss0p7v125c
                                  4.574592       2      9.149184  
XOR2X1_HVT         saed32hvt_ss0p7v125c
                                  4.320448       2      8.640896  
XOR2X2_HVT         saed32hvt_ss0p7v125c
                                  4.574592       6     27.447553  
-----------------------------------------------------------------------------
Total 51 references                                  3892.469557
1
