 
                              Library Manager (TM)

                  Version U-2022.12 for linux64 - Dec 11, 2022
  This release has significant feature enhancements. Please review the Release
                       Notes associated with this release.

                    Copyright (c) 1988 - 2022 Synopsys, Inc.
   This software and the associated documentation are proprietary to Synopsys,
 Inc. This software may only be used in accordance with the terms and conditions
 of a written license agreement with Synopsys, Inc. All other use, reproduction,
   or distribution of this software is strictly prohibited.  Licensed Products
     communicate with Synopsys servers for the purpose of providing software
    updates, detecting software piracy and verifying that customers are using
    Licensed Products in conformity with the applicable License Key for such
  Licensed Products. Synopsys will use information gathered in connection with
    this process to deliver software updates and pursue software pirates and
                                   infringers.

 Inclusivity & Diversity - Visit SolvNetPlus to read the "Synopsys Statement on
            Inclusivity and Diversity" (Refer to article 000036315 at
                        https://solvnetplus.synopsys.com)

set search_path {. /home/aedc4/libs/tsmc_32nm/SAED32_EDK/lib/stdcell_hvt /home/aedc4/libs/tsmc_32nm/SAED32_EDK/lib/stdcell_hvt/db_nldm .}
. /home/aedc4/libs/tsmc_32nm/SAED32_EDK/lib/stdcell_hvt /home/aedc4/libs/tsmc_32nm/SAED32_EDK/lib/stdcell_hvt/db_nldm .
setenv RUN_RESULT /tmp/.tARL12944/_rr2OU5lN
/tmp/.tARL12944/_rr2OU5lN
set_current_mismatch_config auto_fix
1
set_app_options -name lib.workspace.build_script -value CLIBs/.scripts/saed32hvt_ss0p7v125c_physical_only.tcl
lib.workspace.build_script CLIBs/.scripts/saed32hvt_ss0p7v125c_physical_only.tcl
#suppress_messages
source -echo -verbose CLIBs/.scripts/saed32hvt_ss0p7v125c_physical_only.tcl
set NDM_LIBS {}
set FRAME_LIBS {}
set LEF_FILES {/home/aedc4/0_SysV_Mewan/ASIC_flow_demo/libs/saed32nm_hvt_1p9m.lef}
/home/aedc4/0_SysV_Mewan/ASIC_flow_demo/libs/saed32nm_hvt_1p9m.lef
set DB_FILES {}
set TECH_FILE "/home/aedc4/0_SysV_Mewan/ASIC_flow_demo/libs/saed32nm_1p9m_mw.tf"
/home/aedc4/0_SysV_Mewan/ASIC_flow_demo/libs/saed32nm_1p9m_mw.tf
set_app_options -name lib.workspace.create_cached_lib -value true
lib.workspace.create_cached_lib true
set_app_options -name lib.workspace.include_design_filters -value {FOOT2X16_HVT FOOT2X2_HVT FOOT2X32_HVT FOOT2X4_HVT FOOT2X8_HVT FOOTX16_HVT FOOTX2_HVT FOOTX32_HVT FOOTX4_HVT FOOTX8_HVT HEAD2X16_HVT HEAD2X2_HVT HEAD2X32_HVT HEAD2X4_HVT HEAD2X8_HVT HEADX16_HVT HEADX2_HVT HEADX32_HVT HEADX4_HVT HEADX8_HVT LSDNENCLSSX1_HVT LSDNENCLSSX2_HVT LSDNENCLSSX4_HVT LSDNENCLSSX8_HVT LSDNENCLX1_HVT LSDNENCLX2_HVT LSDNENCLX4_HVT LSDNENCLX8_HVT LSDNENSSX1_HVT LSDNENSSX2_HVT LSDNENSSX4_HVT LSDNENSSX8_HVT LSDNENX1_HVT LSDNENX2_HVT LSDNENX4_HVT LSDNENX8_HVT LSDNSSX1_HVT LSDNSSX2_HVT LSDNSSX4_HVT LSDNSSX8_HVT LSDNX1_HVT LSDNX2_HVT LSDNX4_HVT LSDNX8_HVT LSUPENCLX1_HVT LSUPENCLX2_HVT LSUPENCLX4_HVT LSUPENCLX8_HVT LSUPENX1_HVT LSUPENX2_HVT LSUPENX4_HVT LSUPENX8_HVT LSUPX1_HVT LSUPX2_HVT LSUPX4_HVT LSUPX8_HVT}
lib.workspace.include_design_filters {FOOT2X16_HVT FOOT2X2_HVT FOOT2X32_HVT FOOT2X4_HVT FOOT2X8_HVT FOOTX16_HVT FOOTX2_HVT FOOTX32_HVT FOOTX4_HVT FOOTX8_HVT HEAD2X16_HVT HEAD2X2_HVT HEAD2X32_HVT HEAD2X4_HVT HEAD2X8_HVT HEADX16_HVT HEADX2_HVT HEADX32_HVT HEADX4_HVT HEADX8_HVT LSDNENCLSSX1_HVT LSDNENCLSSX2_HVT LSDNENCLSSX4_HVT LSDNENCLSSX8_HVT LSDNENCLX1_HVT LSDNENCLX2_HVT LSDNENCLX4_HVT LSDNENCLX8_HVT LSDNENSSX1_HVT LSDNENSSX2_HVT LSDNENSSX4_HVT LSDNENSSX8_HVT LSDNENX1_HVT LSDNENX2_HVT LSDNENX4_HVT LSDNENX8_HVT LSDNSSX1_HVT LSDNSSX2_HVT LSDNSSX4_HVT LSDNSSX8_HVT LSDNX1_HVT LSDNX2_HVT LSDNX4_HVT LSDNX8_HVT LSUPENCLX1_HVT LSUPENCLX2_HVT LSUPENCLX4_HVT LSUPENCLX8_HVT LSUPENX1_HVT LSUPENX2_HVT LSUPENX4_HVT LSUPENX8_HVT LSUPX1_HVT LSUPX2_HVT LSUPX4_HVT LSUPX8_HVT}
#suppress_messages
set_app_options -name lib.workspace.allow_read_aggregate_lib -value true
lib.workspace.allow_read_aggregate_lib true
create_workspace saed32hvt_ss0p7v125c_physical_only -flow physical_only -technology $TECH_FILE -scale_factor 10000
Information: Loading technology file '/home/aedc4/0_SysV_Mewan/ASIC_flow_demo/libs/saed32nm_1p9m_mw.tf' (FILE-007)
... created workspace saed32hvt_ss0p7v125c_physical_only in physical_only flow
read_lef $LEF_FILES
Information: The default value of lib.workspace.library_developer_mode will be 'true' in future release. (LMUI-054)
Information: Loading LEF file '/home/aedc4/0_SysV_Mewan/ASIC_flow_demo/libs/saed32nm_hvt_1p9m.lef' (FILE-007)
Information: Read LEF into a new library 'saed32nm_hvt_1p9m'. (LEFR-022)
Warning: Line 56, Invalid bus bit characters '_<>' are specified; using default characters '[]'. (LEFR-011)
{saed32nm_hvt_1p9m}
process_workspaces -check_options {-allow_missing} -force -directory CLIBs -output saed32hvt_ss0p7v125c_physical_only.ndm
Warning: Cannot specify the -allow_missing option in the physical_only flow. It is ignored.  (LMUI-009)
Checking libraries...
Building a physical-only workspace...
... looking for physical-only designs ...
Information: Copied 56 physical designs (LM-050)
... creating frames for saed32hvt_ss0p7v125c_physical_only
Warning: Block LSDNSSX8_HVT.frame has a very large regular routing blockage RB_17 on the M1 metal layer; this might prevent the router from connecting to nearby terminals. (FRAM-066)
... created 56 frames

Workspace check succeeded!
... wrote CLIBs/saed32hvt_ss0p7v125c_physical_only.ndm
... removing library 'saed32nm_hvt_1p9m'
... lib workspace removed!

Warning: EMS database "check_workspace.ems" already exists, over-writing it. (EMS-040)
Maximum memory usage for this session: 130.46 MB
CPU usage for this session:      2 seconds (  0.00 hours)
Elapsed time for this session:      2 seconds (  0.00 hours)
Thank you for using Library Manager.

