 
****************************************
Report : reference
Design : full_adder
Version: T-2022.03-SP5-1
Date   : Wed Apr 26 19:29:19 2023
****************************************

Attributes:
    b - black box (unknown)
   bo - allows boundary optimization
    d - dont_touch
   mo - map_only
    h - hierarchical
    n - noncombinational
    r - removable
    s - synthetic operator
    u - contains unmapped logic

Reference          Library       Unit Area   Count    Total Area   Attributes
-----------------------------------------------------------------------------
AO22X1_HVT         saed32hvt_ss0p7v125c
                                  2.541440       1      2.541440  
XOR2X2_HVT         saed32hvt_ss0p7v125c
                                  4.574592       1      4.574592  
XOR3X2_HVT         saed32hvt_ss0p7v125c
                                  7.370176       1      7.370176  
-----------------------------------------------------------------------------
Total 3 references                                     14.486208
1
