Warning: Design 'axis_matvec_mul' has '2' unresolved references. For more detailed information, use the "link" command. (UID-341)
 
****************************************
check_design summary:
Version:     T-2022.03-SP5-1
Date:        Sat Apr 29 13:16:36 2023
****************************************

                   Name                                            Total
--------------------------------------------------------------------------------
Inputs/Outputs                                                    579
    Multiply driven inputs (LINT-6)                               579

Tristate                                                            1
    A tristate bus has a non tri-state driver (LINT-34)             1
--------------------------------------------------------------------------------

Warning: In design 'axis_matvec_mul', input port 'clk' drives wired logic; the port direction may have been specified incorrectly. (LINT-6)
Warning: In design 'axis_matvec_mul', input port 'rstn' drives wired logic; the port direction may have been specified incorrectly. (LINT-6)
Warning: In design 'axis_matvec_mul', input port 's_axis_kx_tdata[575]' drives wired logic; the port direction may have been specified incorrectly. (LINT-6)
Warning: In design 'axis_matvec_mul', input port 's_axis_kx_tdata[574]' drives wired logic; the port direction may have been specified incorrectly. (LINT-6)
Warning: In design 'axis_matvec_mul', input port 's_axis_kx_tdata[573]' drives wired logic; the port direction may have been specified incorrectly. (LINT-6)
Warning: In design 'axis_matvec_mul', input port 's_axis_kx_tdata[572]' drives wired logic; the port direction may have been specified incorrectly. (LINT-6)
Warning: In design 'axis_matvec_mul', input port 's_axis_kx_tdata[571]' drives wired logic; the port direction may have been specified incorrectly. (LINT-6)
Warning: In design 'axis_matvec_mul', input port 's_axis_kx_tdata[570]' drives wired logic; the port direction may have been specified incorrectly. (LINT-6)
Warning: In design 'axis_matvec_mul', input port 's_axis_kx_tdata[569]' drives wired logic; the port direction may have been specified incorrectly. (LINT-6)
Warning: In design 'axis_matvec_mul', input port 's_axis_kx_tdata[568]' drives wired logic; the port direction may have been specified incorrectly. (LINT-6)
Warning: In design 'axis_matvec_mul', input port 's_axis_kx_tdata[567]' drives wired logic; the port direction may have been specified incorrectly. (LINT-6)
Warning: In design 'axis_matvec_mul', input port 's_axis_kx_tdata[566]' drives wired logic; the port direction may have been specified incorrectly. (LINT-6)
Warning: In design 'axis_matvec_mul', input port 's_axis_kx_tdata[565]' drives wired logic; the port direction may have been specified incorrectly. (LINT-6)
Warning: In design 'axis_matvec_mul', input port 's_axis_kx_tdata[564]' drives wired logic; the port direction may have been specified incorrectly. (LINT-6)
Warning: In design 'axis_matvec_mul', input port 's_axis_kx_tdata[563]' drives wired logic; the port direction may have been specified incorrectly. (LINT-6)
Warning: In design 'axis_matvec_mul', input port 's_axis_kx_tdata[562]' drives wired logic; the port direction may have been specified incorrectly. (LINT-6)
Warning: In design 'axis_matvec_mul', input port 's_axis_kx_tdata[561]' drives wired logic; the port direction may have been specified incorrectly. (LINT-6)
Warning: In design 'axis_matvec_mul', input port 's_axis_kx_tdata[560]' drives wired logic; the port direction may have been specified incorrectly. (LINT-6)
Warning: In design 'axis_matvec_mul', input port 's_axis_kx_tdata[559]' drives wired logic; the port direction may have been specified incorrectly. (LINT-6)
Warning: In design 'axis_matvec_mul', input port 's_axis_kx_tdata[558]' drives wired logic; the port direction may have been specified incorrectly. (LINT-6)
Warning: In design 'axis_matvec_mul', input port 's_axis_kx_tdata[557]' drives wired logic; the port direction may have been specified incorrectly. (LINT-6)
Warning: In design 'axis_matvec_mul', input port 's_axis_kx_tdata[556]' drives wired logic; the port direction may have been specified incorrectly. (LINT-6)
Warning: In design 'axis_matvec_mul', input port 's_axis_kx_tdata[555]' drives wired logic; the port direction may have been specified incorrectly. (LINT-6)
Warning: In design 'axis_matvec_mul', input port 's_axis_kx_tdata[554]' drives wired logic; the port direction may have been specified incorrectly. (LINT-6)
Warning: In design 'axis_matvec_mul', input port 's_axis_kx_tdata[553]' drives wired logic; the port direction may have been specified incorrectly. (LINT-6)
Warning: In design 'axis_matvec_mul', input port 's_axis_kx_tdata[552]' drives wired logic; the port direction may have been specified incorrectly. (LINT-6)
Warning: In design 'axis_matvec_mul', input port 's_axis_kx_tdata[551]' drives wired logic; the port direction may have been specified incorrectly. (LINT-6)
Warning: In design 'axis_matvec_mul', input port 's_axis_kx_tdata[550]' drives wired logic; the port direction may have been specified incorrectly. (LINT-6)
Warning: In design 'axis_matvec_mul', input port 's_axis_kx_tdata[549]' drives wired logic; the port direction may have been specified incorrectly. (LINT-6)
Warning: In design 'axis_matvec_mul', input port 's_axis_kx_tdata[548]' drives wired logic; the port direction may have been specified incorrectly. (LINT-6)
Warning: In design 'axis_matvec_mul', input port 's_axis_kx_tdata[547]' drives wired logic; the port direction may have been specified incorrectly. (LINT-6)
Warning: In design 'axis_matvec_mul', input port 's_axis_kx_tdata[546]' drives wired logic; the port direction may have been specified incorrectly. (LINT-6)
Warning: In design 'axis_matvec_mul', input port 's_axis_kx_tdata[545]' drives wired logic; the port direction may have been specified incorrectly. (LINT-6)
Warning: In design 'axis_matvec_mul', input port 's_axis_kx_tdata[544]' drives wired logic; the port direction may have been specified incorrectly. (LINT-6)
Warning: In design 'axis_matvec_mul', input port 's_axis_kx_tdata[543]' drives wired logic; the port direction may have been specified incorrectly. (LINT-6)
Warning: In design 'axis_matvec_mul', input port 's_axis_kx_tdata[542]' drives wired logic; the port direction may have been specified incorrectly. (LINT-6)
Warning: In design 'axis_matvec_mul', input port 's_axis_kx_tdata[541]' drives wired logic; the port direction may have been specified incorrectly. (LINT-6)
Warning: In design 'axis_matvec_mul', input port 's_axis_kx_tdata[540]' drives wired logic; the port direction may have been specified incorrectly. (LINT-6)
Warning: In design 'axis_matvec_mul', input port 's_axis_kx_tdata[539]' drives wired logic; the port direction may have been specified incorrectly. (LINT-6)
Warning: In design 'axis_matvec_mul', input port 's_axis_kx_tdata[538]' drives wired logic; the port direction may have been specified incorrectly. (LINT-6)
Warning: In design 'axis_matvec_mul', input port 's_axis_kx_tdata[537]' drives wired logic; the port direction may have been specified incorrectly. (LINT-6)
Warning: In design 'axis_matvec_mul', input port 's_axis_kx_tdata[536]' drives wired logic; the port direction may have been specified incorrectly. (LINT-6)
Warning: In design 'axis_matvec_mul', input port 's_axis_kx_tdata[535]' drives wired logic; the port direction may have been specified incorrectly. (LINT-6)
Warning: In design 'axis_matvec_mul', input port 's_axis_kx_tdata[534]' drives wired logic; the port direction may have been specified incorrectly. (LINT-6)
Warning: In design 'axis_matvec_mul', input port 's_axis_kx_tdata[533]' drives wired logic; the port direction may have been specified incorrectly. (LINT-6)
Warning: In design 'axis_matvec_mul', input port 's_axis_kx_tdata[532]' drives wired logic; the port direction may have been specified incorrectly. (LINT-6)
Warning: In design 'axis_matvec_mul', input port 's_axis_kx_tdata[531]' drives wired logic; the port direction may have been specified incorrectly. (LINT-6)
Warning: In design 'axis_matvec_mul', input port 's_axis_kx_tdata[530]' drives wired logic; the port direction may have been specified incorrectly. (LINT-6)
Warning: In design 'axis_matvec_mul', input port 's_axis_kx_tdata[529]' drives wired logic; the port direction may have been specified incorrectly. (LINT-6)
Warning: In design 'axis_matvec_mul', input port 's_axis_kx_tdata[528]' drives wired logic; the port direction may have been specified incorrectly. (LINT-6)
Warning: In design 'axis_matvec_mul', input port 's_axis_kx_tdata[527]' drives wired logic; the port direction may have been specified incorrectly. (LINT-6)
Warning: In design 'axis_matvec_mul', input port 's_axis_kx_tdata[526]' drives wired logic; the port direction may have been specified incorrectly. (LINT-6)
Warning: In design 'axis_matvec_mul', input port 's_axis_kx_tdata[525]' drives wired logic; the port direction may have been specified incorrectly. (LINT-6)
Warning: In design 'axis_matvec_mul', input port 's_axis_kx_tdata[524]' drives wired logic; the port direction may have been specified incorrectly. (LINT-6)
Warning: In design 'axis_matvec_mul', input port 's_axis_kx_tdata[523]' drives wired logic; the port direction may have been specified incorrectly. (LINT-6)
Warning: In design 'axis_matvec_mul', input port 's_axis_kx_tdata[522]' drives wired logic; the port direction may have been specified incorrectly. (LINT-6)
Warning: In design 'axis_matvec_mul', input port 's_axis_kx_tdata[521]' drives wired logic; the port direction may have been specified incorrectly. (LINT-6)
Warning: In design 'axis_matvec_mul', input port 's_axis_kx_tdata[520]' drives wired logic; the port direction may have been specified incorrectly. (LINT-6)
Warning: In design 'axis_matvec_mul', input port 's_axis_kx_tdata[519]' drives wired logic; the port direction may have been specified incorrectly. (LINT-6)
Warning: In design 'axis_matvec_mul', input port 's_axis_kx_tdata[518]' drives wired logic; the port direction may have been specified incorrectly. (LINT-6)
Warning: In design 'axis_matvec_mul', input port 's_axis_kx_tdata[517]' drives wired logic; the port direction may have been specified incorrectly. (LINT-6)
Warning: In design 'axis_matvec_mul', input port 's_axis_kx_tdata[516]' drives wired logic; the port direction may have been specified incorrectly. (LINT-6)
Warning: In design 'axis_matvec_mul', input port 's_axis_kx_tdata[515]' drives wired logic; the port direction may have been specified incorrectly. (LINT-6)
Warning: In design 'axis_matvec_mul', input port 's_axis_kx_tdata[514]' drives wired logic; the port direction may have been specified incorrectly. (LINT-6)
Warning: In design 'axis_matvec_mul', input port 's_axis_kx_tdata[513]' drives wired logic; the port direction may have been specified incorrectly. (LINT-6)
Warning: In design 'axis_matvec_mul', input port 's_axis_kx_tdata[512]' drives wired logic; the port direction may have been specified incorrectly. (LINT-6)
Warning: In design 'axis_matvec_mul', input port 's_axis_kx_tdata[511]' drives wired logic; the port direction may have been specified incorrectly. (LINT-6)
Warning: In design 'axis_matvec_mul', input port 's_axis_kx_tdata[510]' drives wired logic; the port direction may have been specified incorrectly. (LINT-6)
Warning: In design 'axis_matvec_mul', input port 's_axis_kx_tdata[509]' drives wired logic; the port direction may have been specified incorrectly. (LINT-6)
Warning: In design 'axis_matvec_mul', input port 's_axis_kx_tdata[508]' drives wired logic; the port direction may have been specified incorrectly. (LINT-6)
Warning: In design 'axis_matvec_mul', input port 's_axis_kx_tdata[507]' drives wired logic; the port direction may have been specified incorrectly. (LINT-6)
Warning: In design 'axis_matvec_mul', input port 's_axis_kx_tdata[506]' drives wired logic; the port direction may have been specified incorrectly. (LINT-6)
Warning: In design 'axis_matvec_mul', input port 's_axis_kx_tdata[505]' drives wired logic; the port direction may have been specified incorrectly. (LINT-6)
Warning: In design 'axis_matvec_mul', input port 's_axis_kx_tdata[504]' drives wired logic; the port direction may have been specified incorrectly. (LINT-6)
Warning: In design 'axis_matvec_mul', input port 's_axis_kx_tdata[503]' drives wired logic; the port direction may have been specified incorrectly. (LINT-6)
Warning: In design 'axis_matvec_mul', input port 's_axis_kx_tdata[502]' drives wired logic; the port direction may have been specified incorrectly. (LINT-6)
Warning: In design 'axis_matvec_mul', input port 's_axis_kx_tdata[501]' drives wired logic; the port direction may have been specified incorrectly. (LINT-6)
Warning: In design 'axis_matvec_mul', input port 's_axis_kx_tdata[500]' drives wired logic; the port direction may have been specified incorrectly. (LINT-6)
Warning: In design 'axis_matvec_mul', input port 's_axis_kx_tdata[499]' drives wired logic; the port direction may have been specified incorrectly. (LINT-6)
Warning: In design 'axis_matvec_mul', input port 's_axis_kx_tdata[498]' drives wired logic; the port direction may have been specified incorrectly. (LINT-6)
Warning: In design 'axis_matvec_mul', input port 's_axis_kx_tdata[497]' drives wired logic; the port direction may have been specified incorrectly. (LINT-6)
Warning: In design 'axis_matvec_mul', input port 's_axis_kx_tdata[496]' drives wired logic; the port direction may have been specified incorrectly. (LINT-6)
Warning: In design 'axis_matvec_mul', input port 's_axis_kx_tdata[495]' drives wired logic; the port direction may have been specified incorrectly. (LINT-6)
Warning: In design 'axis_matvec_mul', input port 's_axis_kx_tdata[494]' drives wired logic; the port direction may have been specified incorrectly. (LINT-6)
Warning: In design 'axis_matvec_mul', input port 's_axis_kx_tdata[493]' drives wired logic; the port direction may have been specified incorrectly. (LINT-6)
Warning: In design 'axis_matvec_mul', input port 's_axis_kx_tdata[492]' drives wired logic; the port direction may have been specified incorrectly. (LINT-6)
Warning: In design 'axis_matvec_mul', input port 's_axis_kx_tdata[491]' drives wired logic; the port direction may have been specified incorrectly. (LINT-6)
Warning: In design 'axis_matvec_mul', input port 's_axis_kx_tdata[490]' drives wired logic; the port direction may have been specified incorrectly. (LINT-6)
Warning: In design 'axis_matvec_mul', input port 's_axis_kx_tdata[489]' drives wired logic; the port direction may have been specified incorrectly. (LINT-6)
Warning: In design 'axis_matvec_mul', input port 's_axis_kx_tdata[488]' drives wired logic; the port direction may have been specified incorrectly. (LINT-6)
Warning: In design 'axis_matvec_mul', input port 's_axis_kx_tdata[487]' drives wired logic; the port direction may have been specified incorrectly. (LINT-6)
Warning: In design 'axis_matvec_mul', input port 's_axis_kx_tdata[486]' drives wired logic; the port direction may have been specified incorrectly. (LINT-6)
Warning: In design 'axis_matvec_mul', input port 's_axis_kx_tdata[485]' drives wired logic; the port direction may have been specified incorrectly. (LINT-6)
Warning: In design 'axis_matvec_mul', input port 's_axis_kx_tdata[484]' drives wired logic; the port direction may have been specified incorrectly. (LINT-6)
Warning: In design 'axis_matvec_mul', input port 's_axis_kx_tdata[483]' drives wired logic; the port direction may have been specified incorrectly. (LINT-6)
Warning: In design 'axis_matvec_mul', input port 's_axis_kx_tdata[482]' drives wired logic; the port direction may have been specified incorrectly. (LINT-6)
Warning: In design 'axis_matvec_mul', input port 's_axis_kx_tdata[481]' drives wired logic; the port direction may have been specified incorrectly. (LINT-6)
Warning: In design 'axis_matvec_mul', input port 's_axis_kx_tdata[480]' drives wired logic; the port direction may have been specified incorrectly. (LINT-6)
Warning: In design 'axis_matvec_mul', input port 's_axis_kx_tdata[479]' drives wired logic; the port direction may have been specified incorrectly. (LINT-6)
Warning: In design 'axis_matvec_mul', input port 's_axis_kx_tdata[478]' drives wired logic; the port direction may have been specified incorrectly. (LINT-6)
Warning: In design 'axis_matvec_mul', input port 's_axis_kx_tdata[477]' drives wired logic; the port direction may have been specified incorrectly. (LINT-6)
Warning: In design 'axis_matvec_mul', input port 's_axis_kx_tdata[476]' drives wired logic; the port direction may have been specified incorrectly. (LINT-6)
Warning: In design 'axis_matvec_mul', input port 's_axis_kx_tdata[475]' drives wired logic; the port direction may have been specified incorrectly. (LINT-6)
Warning: In design 'axis_matvec_mul', input port 's_axis_kx_tdata[474]' drives wired logic; the port direction may have been specified incorrectly. (LINT-6)
Warning: In design 'axis_matvec_mul', input port 's_axis_kx_tdata[473]' drives wired logic; the port direction may have been specified incorrectly. (LINT-6)
Warning: In design 'axis_matvec_mul', input port 's_axis_kx_tdata[472]' drives wired logic; the port direction may have been specified incorrectly. (LINT-6)
Warning: In design 'axis_matvec_mul', input port 's_axis_kx_tdata[471]' drives wired logic; the port direction may have been specified incorrectly. (LINT-6)
Warning: In design 'axis_matvec_mul', input port 's_axis_kx_tdata[470]' drives wired logic; the port direction may have been specified incorrectly. (LINT-6)
Warning: In design 'axis_matvec_mul', input port 's_axis_kx_tdata[469]' drives wired logic; the port direction may have been specified incorrectly. (LINT-6)
Warning: In design 'axis_matvec_mul', input port 's_axis_kx_tdata[468]' drives wired logic; the port direction may have been specified incorrectly. (LINT-6)
Warning: In design 'axis_matvec_mul', input port 's_axis_kx_tdata[467]' drives wired logic; the port direction may have been specified incorrectly. (LINT-6)
Warning: In design 'axis_matvec_mul', input port 's_axis_kx_tdata[466]' drives wired logic; the port direction may have been specified incorrectly. (LINT-6)
Warning: In design 'axis_matvec_mul', input port 's_axis_kx_tdata[465]' drives wired logic; the port direction may have been specified incorrectly. (LINT-6)
Warning: In design 'axis_matvec_mul', input port 's_axis_kx_tdata[464]' drives wired logic; the port direction may have been specified incorrectly. (LINT-6)
Warning: In design 'axis_matvec_mul', input port 's_axis_kx_tdata[463]' drives wired logic; the port direction may have been specified incorrectly. (LINT-6)
Warning: In design 'axis_matvec_mul', input port 's_axis_kx_tdata[462]' drives wired logic; the port direction may have been specified incorrectly. (LINT-6)
Warning: In design 'axis_matvec_mul', input port 's_axis_kx_tdata[461]' drives wired logic; the port direction may have been specified incorrectly. (LINT-6)
Warning: In design 'axis_matvec_mul', input port 's_axis_kx_tdata[460]' drives wired logic; the port direction may have been specified incorrectly. (LINT-6)
Warning: In design 'axis_matvec_mul', input port 's_axis_kx_tdata[459]' drives wired logic; the port direction may have been specified incorrectly. (LINT-6)
Warning: In design 'axis_matvec_mul', input port 's_axis_kx_tdata[458]' drives wired logic; the port direction may have been specified incorrectly. (LINT-6)
Warning: In design 'axis_matvec_mul', input port 's_axis_kx_tdata[457]' drives wired logic; the port direction may have been specified incorrectly. (LINT-6)
Warning: In design 'axis_matvec_mul', input port 's_axis_kx_tdata[456]' drives wired logic; the port direction may have been specified incorrectly. (LINT-6)
Warning: In design 'axis_matvec_mul', input port 's_axis_kx_tdata[455]' drives wired logic; the port direction may have been specified incorrectly. (LINT-6)
Warning: In design 'axis_matvec_mul', input port 's_axis_kx_tdata[454]' drives wired logic; the port direction may have been specified incorrectly. (LINT-6)
Warning: In design 'axis_matvec_mul', input port 's_axis_kx_tdata[453]' drives wired logic; the port direction may have been specified incorrectly. (LINT-6)
Warning: In design 'axis_matvec_mul', input port 's_axis_kx_tdata[452]' drives wired logic; the port direction may have been specified incorrectly. (LINT-6)
Warning: In design 'axis_matvec_mul', input port 's_axis_kx_tdata[451]' drives wired logic; the port direction may have been specified incorrectly. (LINT-6)
Warning: In design 'axis_matvec_mul', input port 's_axis_kx_tdata[450]' drives wired logic; the port direction may have been specified incorrectly. (LINT-6)
Warning: In design 'axis_matvec_mul', input port 's_axis_kx_tdata[449]' drives wired logic; the port direction may have been specified incorrectly. (LINT-6)
Warning: In design 'axis_matvec_mul', input port 's_axis_kx_tdata[448]' drives wired logic; the port direction may have been specified incorrectly. (LINT-6)
Warning: In design 'axis_matvec_mul', input port 's_axis_kx_tdata[447]' drives wired logic; the port direction may have been specified incorrectly. (LINT-6)
Warning: In design 'axis_matvec_mul', input port 's_axis_kx_tdata[446]' drives wired logic; the port direction may have been specified incorrectly. (LINT-6)
Warning: In design 'axis_matvec_mul', input port 's_axis_kx_tdata[445]' drives wired logic; the port direction may have been specified incorrectly. (LINT-6)
Warning: In design 'axis_matvec_mul', input port 's_axis_kx_tdata[444]' drives wired logic; the port direction may have been specified incorrectly. (LINT-6)
Warning: In design 'axis_matvec_mul', input port 's_axis_kx_tdata[443]' drives wired logic; the port direction may have been specified incorrectly. (LINT-6)
Warning: In design 'axis_matvec_mul', input port 's_axis_kx_tdata[442]' drives wired logic; the port direction may have been specified incorrectly. (LINT-6)
Warning: In design 'axis_matvec_mul', input port 's_axis_kx_tdata[441]' drives wired logic; the port direction may have been specified incorrectly. (LINT-6)
Warning: In design 'axis_matvec_mul', input port 's_axis_kx_tdata[440]' drives wired logic; the port direction may have been specified incorrectly. (LINT-6)
Warning: In design 'axis_matvec_mul', input port 's_axis_kx_tdata[439]' drives wired logic; the port direction may have been specified incorrectly. (LINT-6)
Warning: In design 'axis_matvec_mul', input port 's_axis_kx_tdata[438]' drives wired logic; the port direction may have been specified incorrectly. (LINT-6)
Warning: In design 'axis_matvec_mul', input port 's_axis_kx_tdata[437]' drives wired logic; the port direction may have been specified incorrectly. (LINT-6)
Warning: In design 'axis_matvec_mul', input port 's_axis_kx_tdata[436]' drives wired logic; the port direction may have been specified incorrectly. (LINT-6)
Warning: In design 'axis_matvec_mul', input port 's_axis_kx_tdata[435]' drives wired logic; the port direction may have been specified incorrectly. (LINT-6)
Warning: In design 'axis_matvec_mul', input port 's_axis_kx_tdata[434]' drives wired logic; the port direction may have been specified incorrectly. (LINT-6)
Warning: In design 'axis_matvec_mul', input port 's_axis_kx_tdata[433]' drives wired logic; the port direction may have been specified incorrectly. (LINT-6)
Warning: In design 'axis_matvec_mul', input port 's_axis_kx_tdata[432]' drives wired logic; the port direction may have been specified incorrectly. (LINT-6)
Warning: In design 'axis_matvec_mul', input port 's_axis_kx_tdata[431]' drives wired logic; the port direction may have been specified incorrectly. (LINT-6)
Warning: In design 'axis_matvec_mul', input port 's_axis_kx_tdata[430]' drives wired logic; the port direction may have been specified incorrectly. (LINT-6)
Warning: In design 'axis_matvec_mul', input port 's_axis_kx_tdata[429]' drives wired logic; the port direction may have been specified incorrectly. (LINT-6)
Warning: In design 'axis_matvec_mul', input port 's_axis_kx_tdata[428]' drives wired logic; the port direction may have been specified incorrectly. (LINT-6)
Warning: In design 'axis_matvec_mul', input port 's_axis_kx_tdata[427]' drives wired logic; the port direction may have been specified incorrectly. (LINT-6)
Warning: In design 'axis_matvec_mul', input port 's_axis_kx_tdata[426]' drives wired logic; the port direction may have been specified incorrectly. (LINT-6)
Warning: In design 'axis_matvec_mul', input port 's_axis_kx_tdata[425]' drives wired logic; the port direction may have been specified incorrectly. (LINT-6)
Warning: In design 'axis_matvec_mul', input port 's_axis_kx_tdata[424]' drives wired logic; the port direction may have been specified incorrectly. (LINT-6)
Warning: In design 'axis_matvec_mul', input port 's_axis_kx_tdata[423]' drives wired logic; the port direction may have been specified incorrectly. (LINT-6)
Warning: In design 'axis_matvec_mul', input port 's_axis_kx_tdata[422]' drives wired logic; the port direction may have been specified incorrectly. (LINT-6)
Warning: In design 'axis_matvec_mul', input port 's_axis_kx_tdata[421]' drives wired logic; the port direction may have been specified incorrectly. (LINT-6)
Warning: In design 'axis_matvec_mul', input port 's_axis_kx_tdata[420]' drives wired logic; the port direction may have been specified incorrectly. (LINT-6)
Warning: In design 'axis_matvec_mul', input port 's_axis_kx_tdata[419]' drives wired logic; the port direction may have been specified incorrectly. (LINT-6)
Warning: In design 'axis_matvec_mul', input port 's_axis_kx_tdata[418]' drives wired logic; the port direction may have been specified incorrectly. (LINT-6)
Warning: In design 'axis_matvec_mul', input port 's_axis_kx_tdata[417]' drives wired logic; the port direction may have been specified incorrectly. (LINT-6)
Warning: In design 'axis_matvec_mul', input port 's_axis_kx_tdata[416]' drives wired logic; the port direction may have been specified incorrectly. (LINT-6)
Warning: In design 'axis_matvec_mul', input port 's_axis_kx_tdata[415]' drives wired logic; the port direction may have been specified incorrectly. (LINT-6)
Warning: In design 'axis_matvec_mul', input port 's_axis_kx_tdata[414]' drives wired logic; the port direction may have been specified incorrectly. (LINT-6)
Warning: In design 'axis_matvec_mul', input port 's_axis_kx_tdata[413]' drives wired logic; the port direction may have been specified incorrectly. (LINT-6)
Warning: In design 'axis_matvec_mul', input port 's_axis_kx_tdata[412]' drives wired logic; the port direction may have been specified incorrectly. (LINT-6)
Warning: In design 'axis_matvec_mul', input port 's_axis_kx_tdata[411]' drives wired logic; the port direction may have been specified incorrectly. (LINT-6)
Warning: In design 'axis_matvec_mul', input port 's_axis_kx_tdata[410]' drives wired logic; the port direction may have been specified incorrectly. (LINT-6)
Warning: In design 'axis_matvec_mul', input port 's_axis_kx_tdata[409]' drives wired logic; the port direction may have been specified incorrectly. (LINT-6)
Warning: In design 'axis_matvec_mul', input port 's_axis_kx_tdata[408]' drives wired logic; the port direction may have been specified incorrectly. (LINT-6)
Warning: In design 'axis_matvec_mul', input port 's_axis_kx_tdata[407]' drives wired logic; the port direction may have been specified incorrectly. (LINT-6)
Warning: In design 'axis_matvec_mul', input port 's_axis_kx_tdata[406]' drives wired logic; the port direction may have been specified incorrectly. (LINT-6)
Warning: In design 'axis_matvec_mul', input port 's_axis_kx_tdata[405]' drives wired logic; the port direction may have been specified incorrectly. (LINT-6)
Warning: In design 'axis_matvec_mul', input port 's_axis_kx_tdata[404]' drives wired logic; the port direction may have been specified incorrectly. (LINT-6)
Warning: In design 'axis_matvec_mul', input port 's_axis_kx_tdata[403]' drives wired logic; the port direction may have been specified incorrectly. (LINT-6)
Warning: In design 'axis_matvec_mul', input port 's_axis_kx_tdata[402]' drives wired logic; the port direction may have been specified incorrectly. (LINT-6)
Warning: In design 'axis_matvec_mul', input port 's_axis_kx_tdata[401]' drives wired logic; the port direction may have been specified incorrectly. (LINT-6)
Warning: In design 'axis_matvec_mul', input port 's_axis_kx_tdata[400]' drives wired logic; the port direction may have been specified incorrectly. (LINT-6)
Warning: In design 'axis_matvec_mul', input port 's_axis_kx_tdata[399]' drives wired logic; the port direction may have been specified incorrectly. (LINT-6)
Warning: In design 'axis_matvec_mul', input port 's_axis_kx_tdata[398]' drives wired logic; the port direction may have been specified incorrectly. (LINT-6)
Warning: In design 'axis_matvec_mul', input port 's_axis_kx_tdata[397]' drives wired logic; the port direction may have been specified incorrectly. (LINT-6)
Warning: In design 'axis_matvec_mul', input port 's_axis_kx_tdata[396]' drives wired logic; the port direction may have been specified incorrectly. (LINT-6)
Warning: In design 'axis_matvec_mul', input port 's_axis_kx_tdata[395]' drives wired logic; the port direction may have been specified incorrectly. (LINT-6)
Warning: In design 'axis_matvec_mul', input port 's_axis_kx_tdata[394]' drives wired logic; the port direction may have been specified incorrectly. (LINT-6)
Warning: In design 'axis_matvec_mul', input port 's_axis_kx_tdata[393]' drives wired logic; the port direction may have been specified incorrectly. (LINT-6)
Warning: In design 'axis_matvec_mul', input port 's_axis_kx_tdata[392]' drives wired logic; the port direction may have been specified incorrectly. (LINT-6)
Warning: In design 'axis_matvec_mul', input port 's_axis_kx_tdata[391]' drives wired logic; the port direction may have been specified incorrectly. (LINT-6)
Warning: In design 'axis_matvec_mul', input port 's_axis_kx_tdata[390]' drives wired logic; the port direction may have been specified incorrectly. (LINT-6)
Warning: In design 'axis_matvec_mul', input port 's_axis_kx_tdata[389]' drives wired logic; the port direction may have been specified incorrectly. (LINT-6)
Warning: In design 'axis_matvec_mul', input port 's_axis_kx_tdata[388]' drives wired logic; the port direction may have been specified incorrectly. (LINT-6)
Warning: In design 'axis_matvec_mul', input port 's_axis_kx_tdata[387]' drives wired logic; the port direction may have been specified incorrectly. (LINT-6)
Warning: In design 'axis_matvec_mul', input port 's_axis_kx_tdata[386]' drives wired logic; the port direction may have been specified incorrectly. (LINT-6)
Warning: In design 'axis_matvec_mul', input port 's_axis_kx_tdata[385]' drives wired logic; the port direction may have been specified incorrectly. (LINT-6)
Warning: In design 'axis_matvec_mul', input port 's_axis_kx_tdata[384]' drives wired logic; the port direction may have been specified incorrectly. (LINT-6)
Warning: In design 'axis_matvec_mul', input port 's_axis_kx_tdata[383]' drives wired logic; the port direction may have been specified incorrectly. (LINT-6)
Warning: In design 'axis_matvec_mul', input port 's_axis_kx_tdata[382]' drives wired logic; the port direction may have been specified incorrectly. (LINT-6)
Warning: In design 'axis_matvec_mul', input port 's_axis_kx_tdata[381]' drives wired logic; the port direction may have been specified incorrectly. (LINT-6)
Warning: In design 'axis_matvec_mul', input port 's_axis_kx_tdata[380]' drives wired logic; the port direction may have been specified incorrectly. (LINT-6)
Warning: In design 'axis_matvec_mul', input port 's_axis_kx_tdata[379]' drives wired logic; the port direction may have been specified incorrectly. (LINT-6)
Warning: In design 'axis_matvec_mul', input port 's_axis_kx_tdata[378]' drives wired logic; the port direction may have been specified incorrectly. (LINT-6)
Warning: In design 'axis_matvec_mul', input port 's_axis_kx_tdata[377]' drives wired logic; the port direction may have been specified incorrectly. (LINT-6)
Warning: In design 'axis_matvec_mul', input port 's_axis_kx_tdata[376]' drives wired logic; the port direction may have been specified incorrectly. (LINT-6)
Warning: In design 'axis_matvec_mul', input port 's_axis_kx_tdata[375]' drives wired logic; the port direction may have been specified incorrectly. (LINT-6)
Warning: In design 'axis_matvec_mul', input port 's_axis_kx_tdata[374]' drives wired logic; the port direction may have been specified incorrectly. (LINT-6)
Warning: In design 'axis_matvec_mul', input port 's_axis_kx_tdata[373]' drives wired logic; the port direction may have been specified incorrectly. (LINT-6)
Warning: In design 'axis_matvec_mul', input port 's_axis_kx_tdata[372]' drives wired logic; the port direction may have been specified incorrectly. (LINT-6)
Warning: In design 'axis_matvec_mul', input port 's_axis_kx_tdata[371]' drives wired logic; the port direction may have been specified incorrectly. (LINT-6)
Warning: In design 'axis_matvec_mul', input port 's_axis_kx_tdata[370]' drives wired logic; the port direction may have been specified incorrectly. (LINT-6)
Warning: In design 'axis_matvec_mul', input port 's_axis_kx_tdata[369]' drives wired logic; the port direction may have been specified incorrectly. (LINT-6)
Warning: In design 'axis_matvec_mul', input port 's_axis_kx_tdata[368]' drives wired logic; the port direction may have been specified incorrectly. (LINT-6)
Warning: In design 'axis_matvec_mul', input port 's_axis_kx_tdata[367]' drives wired logic; the port direction may have been specified incorrectly. (LINT-6)
Warning: In design 'axis_matvec_mul', input port 's_axis_kx_tdata[366]' drives wired logic; the port direction may have been specified incorrectly. (LINT-6)
Warning: In design 'axis_matvec_mul', input port 's_axis_kx_tdata[365]' drives wired logic; the port direction may have been specified incorrectly. (LINT-6)
Warning: In design 'axis_matvec_mul', input port 's_axis_kx_tdata[364]' drives wired logic; the port direction may have been specified incorrectly. (LINT-6)
Warning: In design 'axis_matvec_mul', input port 's_axis_kx_tdata[363]' drives wired logic; the port direction may have been specified incorrectly. (LINT-6)
Warning: In design 'axis_matvec_mul', input port 's_axis_kx_tdata[362]' drives wired logic; the port direction may have been specified incorrectly. (LINT-6)
Warning: In design 'axis_matvec_mul', input port 's_axis_kx_tdata[361]' drives wired logic; the port direction may have been specified incorrectly. (LINT-6)
Warning: In design 'axis_matvec_mul', input port 's_axis_kx_tdata[360]' drives wired logic; the port direction may have been specified incorrectly. (LINT-6)
Warning: In design 'axis_matvec_mul', input port 's_axis_kx_tdata[359]' drives wired logic; the port direction may have been specified incorrectly. (LINT-6)
Warning: In design 'axis_matvec_mul', input port 's_axis_kx_tdata[358]' drives wired logic; the port direction may have been specified incorrectly. (LINT-6)
Warning: In design 'axis_matvec_mul', input port 's_axis_kx_tdata[357]' drives wired logic; the port direction may have been specified incorrectly. (LINT-6)
Warning: In design 'axis_matvec_mul', input port 's_axis_kx_tdata[356]' drives wired logic; the port direction may have been specified incorrectly. (LINT-6)
Warning: In design 'axis_matvec_mul', input port 's_axis_kx_tdata[355]' drives wired logic; the port direction may have been specified incorrectly. (LINT-6)
Warning: In design 'axis_matvec_mul', input port 's_axis_kx_tdata[354]' drives wired logic; the port direction may have been specified incorrectly. (LINT-6)
Warning: In design 'axis_matvec_mul', input port 's_axis_kx_tdata[353]' drives wired logic; the port direction may have been specified incorrectly. (LINT-6)
Warning: In design 'axis_matvec_mul', input port 's_axis_kx_tdata[352]' drives wired logic; the port direction may have been specified incorrectly. (LINT-6)
Warning: In design 'axis_matvec_mul', input port 's_axis_kx_tdata[351]' drives wired logic; the port direction may have been specified incorrectly. (LINT-6)
Warning: In design 'axis_matvec_mul', input port 's_axis_kx_tdata[350]' drives wired logic; the port direction may have been specified incorrectly. (LINT-6)
Warning: In design 'axis_matvec_mul', input port 's_axis_kx_tdata[349]' drives wired logic; the port direction may have been specified incorrectly. (LINT-6)
Warning: In design 'axis_matvec_mul', input port 's_axis_kx_tdata[348]' drives wired logic; the port direction may have been specified incorrectly. (LINT-6)
Warning: In design 'axis_matvec_mul', input port 's_axis_kx_tdata[347]' drives wired logic; the port direction may have been specified incorrectly. (LINT-6)
Warning: In design 'axis_matvec_mul', input port 's_axis_kx_tdata[346]' drives wired logic; the port direction may have been specified incorrectly. (LINT-6)
Warning: In design 'axis_matvec_mul', input port 's_axis_kx_tdata[345]' drives wired logic; the port direction may have been specified incorrectly. (LINT-6)
Warning: In design 'axis_matvec_mul', input port 's_axis_kx_tdata[344]' drives wired logic; the port direction may have been specified incorrectly. (LINT-6)
Warning: In design 'axis_matvec_mul', input port 's_axis_kx_tdata[343]' drives wired logic; the port direction may have been specified incorrectly. (LINT-6)
Warning: In design 'axis_matvec_mul', input port 's_axis_kx_tdata[342]' drives wired logic; the port direction may have been specified incorrectly. (LINT-6)
Warning: In design 'axis_matvec_mul', input port 's_axis_kx_tdata[341]' drives wired logic; the port direction may have been specified incorrectly. (LINT-6)
Warning: In design 'axis_matvec_mul', input port 's_axis_kx_tdata[340]' drives wired logic; the port direction may have been specified incorrectly. (LINT-6)
Warning: In design 'axis_matvec_mul', input port 's_axis_kx_tdata[339]' drives wired logic; the port direction may have been specified incorrectly. (LINT-6)
Warning: In design 'axis_matvec_mul', input port 's_axis_kx_tdata[338]' drives wired logic; the port direction may have been specified incorrectly. (LINT-6)
Warning: In design 'axis_matvec_mul', input port 's_axis_kx_tdata[337]' drives wired logic; the port direction may have been specified incorrectly. (LINT-6)
Warning: In design 'axis_matvec_mul', input port 's_axis_kx_tdata[336]' drives wired logic; the port direction may have been specified incorrectly. (LINT-6)
Warning: In design 'axis_matvec_mul', input port 's_axis_kx_tdata[335]' drives wired logic; the port direction may have been specified incorrectly. (LINT-6)
Warning: In design 'axis_matvec_mul', input port 's_axis_kx_tdata[334]' drives wired logic; the port direction may have been specified incorrectly. (LINT-6)
Warning: In design 'axis_matvec_mul', input port 's_axis_kx_tdata[333]' drives wired logic; the port direction may have been specified incorrectly. (LINT-6)
Warning: In design 'axis_matvec_mul', input port 's_axis_kx_tdata[332]' drives wired logic; the port direction may have been specified incorrectly. (LINT-6)
Warning: In design 'axis_matvec_mul', input port 's_axis_kx_tdata[331]' drives wired logic; the port direction may have been specified incorrectly. (LINT-6)
Warning: In design 'axis_matvec_mul', input port 's_axis_kx_tdata[330]' drives wired logic; the port direction may have been specified incorrectly. (LINT-6)
Warning: In design 'axis_matvec_mul', input port 's_axis_kx_tdata[329]' drives wired logic; the port direction may have been specified incorrectly. (LINT-6)
Warning: In design 'axis_matvec_mul', input port 's_axis_kx_tdata[328]' drives wired logic; the port direction may have been specified incorrectly. (LINT-6)
Warning: In design 'axis_matvec_mul', input port 's_axis_kx_tdata[327]' drives wired logic; the port direction may have been specified incorrectly. (LINT-6)
Warning: In design 'axis_matvec_mul', input port 's_axis_kx_tdata[326]' drives wired logic; the port direction may have been specified incorrectly. (LINT-6)
Warning: In design 'axis_matvec_mul', input port 's_axis_kx_tdata[325]' drives wired logic; the port direction may have been specified incorrectly. (LINT-6)
Warning: In design 'axis_matvec_mul', input port 's_axis_kx_tdata[324]' drives wired logic; the port direction may have been specified incorrectly. (LINT-6)
Warning: In design 'axis_matvec_mul', input port 's_axis_kx_tdata[323]' drives wired logic; the port direction may have been specified incorrectly. (LINT-6)
Warning: In design 'axis_matvec_mul', input port 's_axis_kx_tdata[322]' drives wired logic; the port direction may have been specified incorrectly. (LINT-6)
Warning: In design 'axis_matvec_mul', input port 's_axis_kx_tdata[321]' drives wired logic; the port direction may have been specified incorrectly. (LINT-6)
Warning: In design 'axis_matvec_mul', input port 's_axis_kx_tdata[320]' drives wired logic; the port direction may have been specified incorrectly. (LINT-6)
Warning: In design 'axis_matvec_mul', input port 's_axis_kx_tdata[319]' drives wired logic; the port direction may have been specified incorrectly. (LINT-6)
Warning: In design 'axis_matvec_mul', input port 's_axis_kx_tdata[318]' drives wired logic; the port direction may have been specified incorrectly. (LINT-6)
Warning: In design 'axis_matvec_mul', input port 's_axis_kx_tdata[317]' drives wired logic; the port direction may have been specified incorrectly. (LINT-6)
Warning: In design 'axis_matvec_mul', input port 's_axis_kx_tdata[316]' drives wired logic; the port direction may have been specified incorrectly. (LINT-6)
Warning: In design 'axis_matvec_mul', input port 's_axis_kx_tdata[315]' drives wired logic; the port direction may have been specified incorrectly. (LINT-6)
Warning: In design 'axis_matvec_mul', input port 's_axis_kx_tdata[314]' drives wired logic; the port direction may have been specified incorrectly. (LINT-6)
Warning: In design 'axis_matvec_mul', input port 's_axis_kx_tdata[313]' drives wired logic; the port direction may have been specified incorrectly. (LINT-6)
Warning: In design 'axis_matvec_mul', input port 's_axis_kx_tdata[312]' drives wired logic; the port direction may have been specified incorrectly. (LINT-6)
Warning: In design 'axis_matvec_mul', input port 's_axis_kx_tdata[311]' drives wired logic; the port direction may have been specified incorrectly. (LINT-6)
Warning: In design 'axis_matvec_mul', input port 's_axis_kx_tdata[310]' drives wired logic; the port direction may have been specified incorrectly. (LINT-6)
Warning: In design 'axis_matvec_mul', input port 's_axis_kx_tdata[309]' drives wired logic; the port direction may have been specified incorrectly. (LINT-6)
Warning: In design 'axis_matvec_mul', input port 's_axis_kx_tdata[308]' drives wired logic; the port direction may have been specified incorrectly. (LINT-6)
Warning: In design 'axis_matvec_mul', input port 's_axis_kx_tdata[307]' drives wired logic; the port direction may have been specified incorrectly. (LINT-6)
Warning: In design 'axis_matvec_mul', input port 's_axis_kx_tdata[306]' drives wired logic; the port direction may have been specified incorrectly. (LINT-6)
Warning: In design 'axis_matvec_mul', input port 's_axis_kx_tdata[305]' drives wired logic; the port direction may have been specified incorrectly. (LINT-6)
Warning: In design 'axis_matvec_mul', input port 's_axis_kx_tdata[304]' drives wired logic; the port direction may have been specified incorrectly. (LINT-6)
Warning: In design 'axis_matvec_mul', input port 's_axis_kx_tdata[303]' drives wired logic; the port direction may have been specified incorrectly. (LINT-6)
Warning: In design 'axis_matvec_mul', input port 's_axis_kx_tdata[302]' drives wired logic; the port direction may have been specified incorrectly. (LINT-6)
Warning: In design 'axis_matvec_mul', input port 's_axis_kx_tdata[301]' drives wired logic; the port direction may have been specified incorrectly. (LINT-6)
Warning: In design 'axis_matvec_mul', input port 's_axis_kx_tdata[300]' drives wired logic; the port direction may have been specified incorrectly. (LINT-6)
Warning: In design 'axis_matvec_mul', input port 's_axis_kx_tdata[299]' drives wired logic; the port direction may have been specified incorrectly. (LINT-6)
Warning: In design 'axis_matvec_mul', input port 's_axis_kx_tdata[298]' drives wired logic; the port direction may have been specified incorrectly. (LINT-6)
Warning: In design 'axis_matvec_mul', input port 's_axis_kx_tdata[297]' drives wired logic; the port direction may have been specified incorrectly. (LINT-6)
Warning: In design 'axis_matvec_mul', input port 's_axis_kx_tdata[296]' drives wired logic; the port direction may have been specified incorrectly. (LINT-6)
Warning: In design 'axis_matvec_mul', input port 's_axis_kx_tdata[295]' drives wired logic; the port direction may have been specified incorrectly. (LINT-6)
Warning: In design 'axis_matvec_mul', input port 's_axis_kx_tdata[294]' drives wired logic; the port direction may have been specified incorrectly. (LINT-6)
Warning: In design 'axis_matvec_mul', input port 's_axis_kx_tdata[293]' drives wired logic; the port direction may have been specified incorrectly. (LINT-6)
Warning: In design 'axis_matvec_mul', input port 's_axis_kx_tdata[292]' drives wired logic; the port direction may have been specified incorrectly. (LINT-6)
Warning: In design 'axis_matvec_mul', input port 's_axis_kx_tdata[291]' drives wired logic; the port direction may have been specified incorrectly. (LINT-6)
Warning: In design 'axis_matvec_mul', input port 's_axis_kx_tdata[290]' drives wired logic; the port direction may have been specified incorrectly. (LINT-6)
Warning: In design 'axis_matvec_mul', input port 's_axis_kx_tdata[289]' drives wired logic; the port direction may have been specified incorrectly. (LINT-6)
Warning: In design 'axis_matvec_mul', input port 's_axis_kx_tdata[288]' drives wired logic; the port direction may have been specified incorrectly. (LINT-6)
Warning: In design 'axis_matvec_mul', input port 's_axis_kx_tdata[287]' drives wired logic; the port direction may have been specified incorrectly. (LINT-6)
Warning: In design 'axis_matvec_mul', input port 's_axis_kx_tdata[286]' drives wired logic; the port direction may have been specified incorrectly. (LINT-6)
Warning: In design 'axis_matvec_mul', input port 's_axis_kx_tdata[285]' drives wired logic; the port direction may have been specified incorrectly. (LINT-6)
Warning: In design 'axis_matvec_mul', input port 's_axis_kx_tdata[284]' drives wired logic; the port direction may have been specified incorrectly. (LINT-6)
Warning: In design 'axis_matvec_mul', input port 's_axis_kx_tdata[283]' drives wired logic; the port direction may have been specified incorrectly. (LINT-6)
Warning: In design 'axis_matvec_mul', input port 's_axis_kx_tdata[282]' drives wired logic; the port direction may have been specified incorrectly. (LINT-6)
Warning: In design 'axis_matvec_mul', input port 's_axis_kx_tdata[281]' drives wired logic; the port direction may have been specified incorrectly. (LINT-6)
Warning: In design 'axis_matvec_mul', input port 's_axis_kx_tdata[280]' drives wired logic; the port direction may have been specified incorrectly. (LINT-6)
Warning: In design 'axis_matvec_mul', input port 's_axis_kx_tdata[279]' drives wired logic; the port direction may have been specified incorrectly. (LINT-6)
Warning: In design 'axis_matvec_mul', input port 's_axis_kx_tdata[278]' drives wired logic; the port direction may have been specified incorrectly. (LINT-6)
Warning: In design 'axis_matvec_mul', input port 's_axis_kx_tdata[277]' drives wired logic; the port direction may have been specified incorrectly. (LINT-6)
Warning: In design 'axis_matvec_mul', input port 's_axis_kx_tdata[276]' drives wired logic; the port direction may have been specified incorrectly. (LINT-6)
Warning: In design 'axis_matvec_mul', input port 's_axis_kx_tdata[275]' drives wired logic; the port direction may have been specified incorrectly. (LINT-6)
Warning: In design 'axis_matvec_mul', input port 's_axis_kx_tdata[274]' drives wired logic; the port direction may have been specified incorrectly. (LINT-6)
Warning: In design 'axis_matvec_mul', input port 's_axis_kx_tdata[273]' drives wired logic; the port direction may have been specified incorrectly. (LINT-6)
Warning: In design 'axis_matvec_mul', input port 's_axis_kx_tdata[272]' drives wired logic; the port direction may have been specified incorrectly. (LINT-6)
Warning: In design 'axis_matvec_mul', input port 's_axis_kx_tdata[271]' drives wired logic; the port direction may have been specified incorrectly. (LINT-6)
Warning: In design 'axis_matvec_mul', input port 's_axis_kx_tdata[270]' drives wired logic; the port direction may have been specified incorrectly. (LINT-6)
Warning: In design 'axis_matvec_mul', input port 's_axis_kx_tdata[269]' drives wired logic; the port direction may have been specified incorrectly. (LINT-6)
Warning: In design 'axis_matvec_mul', input port 's_axis_kx_tdata[268]' drives wired logic; the port direction may have been specified incorrectly. (LINT-6)
Warning: In design 'axis_matvec_mul', input port 's_axis_kx_tdata[267]' drives wired logic; the port direction may have been specified incorrectly. (LINT-6)
Warning: In design 'axis_matvec_mul', input port 's_axis_kx_tdata[266]' drives wired logic; the port direction may have been specified incorrectly. (LINT-6)
Warning: In design 'axis_matvec_mul', input port 's_axis_kx_tdata[265]' drives wired logic; the port direction may have been specified incorrectly. (LINT-6)
Warning: In design 'axis_matvec_mul', input port 's_axis_kx_tdata[264]' drives wired logic; the port direction may have been specified incorrectly. (LINT-6)
Warning: In design 'axis_matvec_mul', input port 's_axis_kx_tdata[263]' drives wired logic; the port direction may have been specified incorrectly. (LINT-6)
Warning: In design 'axis_matvec_mul', input port 's_axis_kx_tdata[262]' drives wired logic; the port direction may have been specified incorrectly. (LINT-6)
Warning: In design 'axis_matvec_mul', input port 's_axis_kx_tdata[261]' drives wired logic; the port direction may have been specified incorrectly. (LINT-6)
Warning: In design 'axis_matvec_mul', input port 's_axis_kx_tdata[260]' drives wired logic; the port direction may have been specified incorrectly. (LINT-6)
Warning: In design 'axis_matvec_mul', input port 's_axis_kx_tdata[259]' drives wired logic; the port direction may have been specified incorrectly. (LINT-6)
Warning: In design 'axis_matvec_mul', input port 's_axis_kx_tdata[258]' drives wired logic; the port direction may have been specified incorrectly. (LINT-6)
Warning: In design 'axis_matvec_mul', input port 's_axis_kx_tdata[257]' drives wired logic; the port direction may have been specified incorrectly. (LINT-6)
Warning: In design 'axis_matvec_mul', input port 's_axis_kx_tdata[256]' drives wired logic; the port direction may have been specified incorrectly. (LINT-6)
Warning: In design 'axis_matvec_mul', input port 's_axis_kx_tdata[255]' drives wired logic; the port direction may have been specified incorrectly. (LINT-6)
Warning: In design 'axis_matvec_mul', input port 's_axis_kx_tdata[254]' drives wired logic; the port direction may have been specified incorrectly. (LINT-6)
Warning: In design 'axis_matvec_mul', input port 's_axis_kx_tdata[253]' drives wired logic; the port direction may have been specified incorrectly. (LINT-6)
Warning: In design 'axis_matvec_mul', input port 's_axis_kx_tdata[252]' drives wired logic; the port direction may have been specified incorrectly. (LINT-6)
Warning: In design 'axis_matvec_mul', input port 's_axis_kx_tdata[251]' drives wired logic; the port direction may have been specified incorrectly. (LINT-6)
Warning: In design 'axis_matvec_mul', input port 's_axis_kx_tdata[250]' drives wired logic; the port direction may have been specified incorrectly. (LINT-6)
Warning: In design 'axis_matvec_mul', input port 's_axis_kx_tdata[249]' drives wired logic; the port direction may have been specified incorrectly. (LINT-6)
Warning: In design 'axis_matvec_mul', input port 's_axis_kx_tdata[248]' drives wired logic; the port direction may have been specified incorrectly. (LINT-6)
Warning: In design 'axis_matvec_mul', input port 's_axis_kx_tdata[247]' drives wired logic; the port direction may have been specified incorrectly. (LINT-6)
Warning: In design 'axis_matvec_mul', input port 's_axis_kx_tdata[246]' drives wired logic; the port direction may have been specified incorrectly. (LINT-6)
Warning: In design 'axis_matvec_mul', input port 's_axis_kx_tdata[245]' drives wired logic; the port direction may have been specified incorrectly. (LINT-6)
Warning: In design 'axis_matvec_mul', input port 's_axis_kx_tdata[244]' drives wired logic; the port direction may have been specified incorrectly. (LINT-6)
Warning: In design 'axis_matvec_mul', input port 's_axis_kx_tdata[243]' drives wired logic; the port direction may have been specified incorrectly. (LINT-6)
Warning: In design 'axis_matvec_mul', input port 's_axis_kx_tdata[242]' drives wired logic; the port direction may have been specified incorrectly. (LINT-6)
Warning: In design 'axis_matvec_mul', input port 's_axis_kx_tdata[241]' drives wired logic; the port direction may have been specified incorrectly. (LINT-6)
Warning: In design 'axis_matvec_mul', input port 's_axis_kx_tdata[240]' drives wired logic; the port direction may have been specified incorrectly. (LINT-6)
Warning: In design 'axis_matvec_mul', input port 's_axis_kx_tdata[239]' drives wired logic; the port direction may have been specified incorrectly. (LINT-6)
Warning: In design 'axis_matvec_mul', input port 's_axis_kx_tdata[238]' drives wired logic; the port direction may have been specified incorrectly. (LINT-6)
Warning: In design 'axis_matvec_mul', input port 's_axis_kx_tdata[237]' drives wired logic; the port direction may have been specified incorrectly. (LINT-6)
Warning: In design 'axis_matvec_mul', input port 's_axis_kx_tdata[236]' drives wired logic; the port direction may have been specified incorrectly. (LINT-6)
Warning: In design 'axis_matvec_mul', input port 's_axis_kx_tdata[235]' drives wired logic; the port direction may have been specified incorrectly. (LINT-6)
Warning: In design 'axis_matvec_mul', input port 's_axis_kx_tdata[234]' drives wired logic; the port direction may have been specified incorrectly. (LINT-6)
Warning: In design 'axis_matvec_mul', input port 's_axis_kx_tdata[233]' drives wired logic; the port direction may have been specified incorrectly. (LINT-6)
Warning: In design 'axis_matvec_mul', input port 's_axis_kx_tdata[232]' drives wired logic; the port direction may have been specified incorrectly. (LINT-6)
Warning: In design 'axis_matvec_mul', input port 's_axis_kx_tdata[231]' drives wired logic; the port direction may have been specified incorrectly. (LINT-6)
Warning: In design 'axis_matvec_mul', input port 's_axis_kx_tdata[230]' drives wired logic; the port direction may have been specified incorrectly. (LINT-6)
Warning: In design 'axis_matvec_mul', input port 's_axis_kx_tdata[229]' drives wired logic; the port direction may have been specified incorrectly. (LINT-6)
Warning: In design 'axis_matvec_mul', input port 's_axis_kx_tdata[228]' drives wired logic; the port direction may have been specified incorrectly. (LINT-6)
Warning: In design 'axis_matvec_mul', input port 's_axis_kx_tdata[227]' drives wired logic; the port direction may have been specified incorrectly. (LINT-6)
Warning: In design 'axis_matvec_mul', input port 's_axis_kx_tdata[226]' drives wired logic; the port direction may have been specified incorrectly. (LINT-6)
Warning: In design 'axis_matvec_mul', input port 's_axis_kx_tdata[225]' drives wired logic; the port direction may have been specified incorrectly. (LINT-6)
Warning: In design 'axis_matvec_mul', input port 's_axis_kx_tdata[224]' drives wired logic; the port direction may have been specified incorrectly. (LINT-6)
Warning: In design 'axis_matvec_mul', input port 's_axis_kx_tdata[223]' drives wired logic; the port direction may have been specified incorrectly. (LINT-6)
Warning: In design 'axis_matvec_mul', input port 's_axis_kx_tdata[222]' drives wired logic; the port direction may have been specified incorrectly. (LINT-6)
Warning: In design 'axis_matvec_mul', input port 's_axis_kx_tdata[221]' drives wired logic; the port direction may have been specified incorrectly. (LINT-6)
Warning: In design 'axis_matvec_mul', input port 's_axis_kx_tdata[220]' drives wired logic; the port direction may have been specified incorrectly. (LINT-6)
Warning: In design 'axis_matvec_mul', input port 's_axis_kx_tdata[219]' drives wired logic; the port direction may have been specified incorrectly. (LINT-6)
Warning: In design 'axis_matvec_mul', input port 's_axis_kx_tdata[218]' drives wired logic; the port direction may have been specified incorrectly. (LINT-6)
Warning: In design 'axis_matvec_mul', input port 's_axis_kx_tdata[217]' drives wired logic; the port direction may have been specified incorrectly. (LINT-6)
Warning: In design 'axis_matvec_mul', input port 's_axis_kx_tdata[216]' drives wired logic; the port direction may have been specified incorrectly. (LINT-6)
Warning: In design 'axis_matvec_mul', input port 's_axis_kx_tdata[215]' drives wired logic; the port direction may have been specified incorrectly. (LINT-6)
Warning: In design 'axis_matvec_mul', input port 's_axis_kx_tdata[214]' drives wired logic; the port direction may have been specified incorrectly. (LINT-6)
Warning: In design 'axis_matvec_mul', input port 's_axis_kx_tdata[213]' drives wired logic; the port direction may have been specified incorrectly. (LINT-6)
Warning: In design 'axis_matvec_mul', input port 's_axis_kx_tdata[212]' drives wired logic; the port direction may have been specified incorrectly. (LINT-6)
Warning: In design 'axis_matvec_mul', input port 's_axis_kx_tdata[211]' drives wired logic; the port direction may have been specified incorrectly. (LINT-6)
Warning: In design 'axis_matvec_mul', input port 's_axis_kx_tdata[210]' drives wired logic; the port direction may have been specified incorrectly. (LINT-6)
Warning: In design 'axis_matvec_mul', input port 's_axis_kx_tdata[209]' drives wired logic; the port direction may have been specified incorrectly. (LINT-6)
Warning: In design 'axis_matvec_mul', input port 's_axis_kx_tdata[208]' drives wired logic; the port direction may have been specified incorrectly. (LINT-6)
Warning: In design 'axis_matvec_mul', input port 's_axis_kx_tdata[207]' drives wired logic; the port direction may have been specified incorrectly. (LINT-6)
Warning: In design 'axis_matvec_mul', input port 's_axis_kx_tdata[206]' drives wired logic; the port direction may have been specified incorrectly. (LINT-6)
Warning: In design 'axis_matvec_mul', input port 's_axis_kx_tdata[205]' drives wired logic; the port direction may have been specified incorrectly. (LINT-6)
Warning: In design 'axis_matvec_mul', input port 's_axis_kx_tdata[204]' drives wired logic; the port direction may have been specified incorrectly. (LINT-6)
Warning: In design 'axis_matvec_mul', input port 's_axis_kx_tdata[203]' drives wired logic; the port direction may have been specified incorrectly. (LINT-6)
Warning: In design 'axis_matvec_mul', input port 's_axis_kx_tdata[202]' drives wired logic; the port direction may have been specified incorrectly. (LINT-6)
Warning: In design 'axis_matvec_mul', input port 's_axis_kx_tdata[201]' drives wired logic; the port direction may have been specified incorrectly. (LINT-6)
Warning: In design 'axis_matvec_mul', input port 's_axis_kx_tdata[200]' drives wired logic; the port direction may have been specified incorrectly. (LINT-6)
Warning: In design 'axis_matvec_mul', input port 's_axis_kx_tdata[199]' drives wired logic; the port direction may have been specified incorrectly. (LINT-6)
Warning: In design 'axis_matvec_mul', input port 's_axis_kx_tdata[198]' drives wired logic; the port direction may have been specified incorrectly. (LINT-6)
Warning: In design 'axis_matvec_mul', input port 's_axis_kx_tdata[197]' drives wired logic; the port direction may have been specified incorrectly. (LINT-6)
Warning: In design 'axis_matvec_mul', input port 's_axis_kx_tdata[196]' drives wired logic; the port direction may have been specified incorrectly. (LINT-6)
Warning: In design 'axis_matvec_mul', input port 's_axis_kx_tdata[195]' drives wired logic; the port direction may have been specified incorrectly. (LINT-6)
Warning: In design 'axis_matvec_mul', input port 's_axis_kx_tdata[194]' drives wired logic; the port direction may have been specified incorrectly. (LINT-6)
Warning: In design 'axis_matvec_mul', input port 's_axis_kx_tdata[193]' drives wired logic; the port direction may have been specified incorrectly. (LINT-6)
Warning: In design 'axis_matvec_mul', input port 's_axis_kx_tdata[192]' drives wired logic; the port direction may have been specified incorrectly. (LINT-6)
Warning: In design 'axis_matvec_mul', input port 's_axis_kx_tdata[191]' drives wired logic; the port direction may have been specified incorrectly. (LINT-6)
Warning: In design 'axis_matvec_mul', input port 's_axis_kx_tdata[190]' drives wired logic; the port direction may have been specified incorrectly. (LINT-6)
Warning: In design 'axis_matvec_mul', input port 's_axis_kx_tdata[189]' drives wired logic; the port direction may have been specified incorrectly. (LINT-6)
Warning: In design 'axis_matvec_mul', input port 's_axis_kx_tdata[188]' drives wired logic; the port direction may have been specified incorrectly. (LINT-6)
Warning: In design 'axis_matvec_mul', input port 's_axis_kx_tdata[187]' drives wired logic; the port direction may have been specified incorrectly. (LINT-6)
Warning: In design 'axis_matvec_mul', input port 's_axis_kx_tdata[186]' drives wired logic; the port direction may have been specified incorrectly. (LINT-6)
Warning: In design 'axis_matvec_mul', input port 's_axis_kx_tdata[185]' drives wired logic; the port direction may have been specified incorrectly. (LINT-6)
Warning: In design 'axis_matvec_mul', input port 's_axis_kx_tdata[184]' drives wired logic; the port direction may have been specified incorrectly. (LINT-6)
Warning: In design 'axis_matvec_mul', input port 's_axis_kx_tdata[183]' drives wired logic; the port direction may have been specified incorrectly. (LINT-6)
Warning: In design 'axis_matvec_mul', input port 's_axis_kx_tdata[182]' drives wired logic; the port direction may have been specified incorrectly. (LINT-6)
Warning: In design 'axis_matvec_mul', input port 's_axis_kx_tdata[181]' drives wired logic; the port direction may have been specified incorrectly. (LINT-6)
Warning: In design 'axis_matvec_mul', input port 's_axis_kx_tdata[180]' drives wired logic; the port direction may have been specified incorrectly. (LINT-6)
Warning: In design 'axis_matvec_mul', input port 's_axis_kx_tdata[179]' drives wired logic; the port direction may have been specified incorrectly. (LINT-6)
Warning: In design 'axis_matvec_mul', input port 's_axis_kx_tdata[178]' drives wired logic; the port direction may have been specified incorrectly. (LINT-6)
Warning: In design 'axis_matvec_mul', input port 's_axis_kx_tdata[177]' drives wired logic; the port direction may have been specified incorrectly. (LINT-6)
Warning: In design 'axis_matvec_mul', input port 's_axis_kx_tdata[176]' drives wired logic; the port direction may have been specified incorrectly. (LINT-6)
Warning: In design 'axis_matvec_mul', input port 's_axis_kx_tdata[175]' drives wired logic; the port direction may have been specified incorrectly. (LINT-6)
Warning: In design 'axis_matvec_mul', input port 's_axis_kx_tdata[174]' drives wired logic; the port direction may have been specified incorrectly. (LINT-6)
Warning: In design 'axis_matvec_mul', input port 's_axis_kx_tdata[173]' drives wired logic; the port direction may have been specified incorrectly. (LINT-6)
Warning: In design 'axis_matvec_mul', input port 's_axis_kx_tdata[172]' drives wired logic; the port direction may have been specified incorrectly. (LINT-6)
Warning: In design 'axis_matvec_mul', input port 's_axis_kx_tdata[171]' drives wired logic; the port direction may have been specified incorrectly. (LINT-6)
Warning: In design 'axis_matvec_mul', input port 's_axis_kx_tdata[170]' drives wired logic; the port direction may have been specified incorrectly. (LINT-6)
Warning: In design 'axis_matvec_mul', input port 's_axis_kx_tdata[169]' drives wired logic; the port direction may have been specified incorrectly. (LINT-6)
Warning: In design 'axis_matvec_mul', input port 's_axis_kx_tdata[168]' drives wired logic; the port direction may have been specified incorrectly. (LINT-6)
Warning: In design 'axis_matvec_mul', input port 's_axis_kx_tdata[167]' drives wired logic; the port direction may have been specified incorrectly. (LINT-6)
Warning: In design 'axis_matvec_mul', input port 's_axis_kx_tdata[166]' drives wired logic; the port direction may have been specified incorrectly. (LINT-6)
Warning: In design 'axis_matvec_mul', input port 's_axis_kx_tdata[165]' drives wired logic; the port direction may have been specified incorrectly. (LINT-6)
Warning: In design 'axis_matvec_mul', input port 's_axis_kx_tdata[164]' drives wired logic; the port direction may have been specified incorrectly. (LINT-6)
Warning: In design 'axis_matvec_mul', input port 's_axis_kx_tdata[163]' drives wired logic; the port direction may have been specified incorrectly. (LINT-6)
Warning: In design 'axis_matvec_mul', input port 's_axis_kx_tdata[162]' drives wired logic; the port direction may have been specified incorrectly. (LINT-6)
Warning: In design 'axis_matvec_mul', input port 's_axis_kx_tdata[161]' drives wired logic; the port direction may have been specified incorrectly. (LINT-6)
Warning: In design 'axis_matvec_mul', input port 's_axis_kx_tdata[160]' drives wired logic; the port direction may have been specified incorrectly. (LINT-6)
Warning: In design 'axis_matvec_mul', input port 's_axis_kx_tdata[159]' drives wired logic; the port direction may have been specified incorrectly. (LINT-6)
Warning: In design 'axis_matvec_mul', input port 's_axis_kx_tdata[158]' drives wired logic; the port direction may have been specified incorrectly. (LINT-6)
Warning: In design 'axis_matvec_mul', input port 's_axis_kx_tdata[157]' drives wired logic; the port direction may have been specified incorrectly. (LINT-6)
Warning: In design 'axis_matvec_mul', input port 's_axis_kx_tdata[156]' drives wired logic; the port direction may have been specified incorrectly. (LINT-6)
Warning: In design 'axis_matvec_mul', input port 's_axis_kx_tdata[155]' drives wired logic; the port direction may have been specified incorrectly. (LINT-6)
Warning: In design 'axis_matvec_mul', input port 's_axis_kx_tdata[154]' drives wired logic; the port direction may have been specified incorrectly. (LINT-6)
Warning: In design 'axis_matvec_mul', input port 's_axis_kx_tdata[153]' drives wired logic; the port direction may have been specified incorrectly. (LINT-6)
Warning: In design 'axis_matvec_mul', input port 's_axis_kx_tdata[152]' drives wired logic; the port direction may have been specified incorrectly. (LINT-6)
Warning: In design 'axis_matvec_mul', input port 's_axis_kx_tdata[151]' drives wired logic; the port direction may have been specified incorrectly. (LINT-6)
Warning: In design 'axis_matvec_mul', input port 's_axis_kx_tdata[150]' drives wired logic; the port direction may have been specified incorrectly. (LINT-6)
Warning: In design 'axis_matvec_mul', input port 's_axis_kx_tdata[149]' drives wired logic; the port direction may have been specified incorrectly. (LINT-6)
Warning: In design 'axis_matvec_mul', input port 's_axis_kx_tdata[148]' drives wired logic; the port direction may have been specified incorrectly. (LINT-6)
Warning: In design 'axis_matvec_mul', input port 's_axis_kx_tdata[147]' drives wired logic; the port direction may have been specified incorrectly. (LINT-6)
Warning: In design 'axis_matvec_mul', input port 's_axis_kx_tdata[146]' drives wired logic; the port direction may have been specified incorrectly. (LINT-6)
Warning: In design 'axis_matvec_mul', input port 's_axis_kx_tdata[145]' drives wired logic; the port direction may have been specified incorrectly. (LINT-6)
Warning: In design 'axis_matvec_mul', input port 's_axis_kx_tdata[144]' drives wired logic; the port direction may have been specified incorrectly. (LINT-6)
Warning: In design 'axis_matvec_mul', input port 's_axis_kx_tdata[143]' drives wired logic; the port direction may have been specified incorrectly. (LINT-6)
Warning: In design 'axis_matvec_mul', input port 's_axis_kx_tdata[142]' drives wired logic; the port direction may have been specified incorrectly. (LINT-6)
Warning: In design 'axis_matvec_mul', input port 's_axis_kx_tdata[141]' drives wired logic; the port direction may have been specified incorrectly. (LINT-6)
Warning: In design 'axis_matvec_mul', input port 's_axis_kx_tdata[140]' drives wired logic; the port direction may have been specified incorrectly. (LINT-6)
Warning: In design 'axis_matvec_mul', input port 's_axis_kx_tdata[139]' drives wired logic; the port direction may have been specified incorrectly. (LINT-6)
Warning: In design 'axis_matvec_mul', input port 's_axis_kx_tdata[138]' drives wired logic; the port direction may have been specified incorrectly. (LINT-6)
Warning: In design 'axis_matvec_mul', input port 's_axis_kx_tdata[137]' drives wired logic; the port direction may have been specified incorrectly. (LINT-6)
Warning: In design 'axis_matvec_mul', input port 's_axis_kx_tdata[136]' drives wired logic; the port direction may have been specified incorrectly. (LINT-6)
Warning: In design 'axis_matvec_mul', input port 's_axis_kx_tdata[135]' drives wired logic; the port direction may have been specified incorrectly. (LINT-6)
Warning: In design 'axis_matvec_mul', input port 's_axis_kx_tdata[134]' drives wired logic; the port direction may have been specified incorrectly. (LINT-6)
Warning: In design 'axis_matvec_mul', input port 's_axis_kx_tdata[133]' drives wired logic; the port direction may have been specified incorrectly. (LINT-6)
Warning: In design 'axis_matvec_mul', input port 's_axis_kx_tdata[132]' drives wired logic; the port direction may have been specified incorrectly. (LINT-6)
Warning: In design 'axis_matvec_mul', input port 's_axis_kx_tdata[131]' drives wired logic; the port direction may have been specified incorrectly. (LINT-6)
Warning: In design 'axis_matvec_mul', input port 's_axis_kx_tdata[130]' drives wired logic; the port direction may have been specified incorrectly. (LINT-6)
Warning: In design 'axis_matvec_mul', input port 's_axis_kx_tdata[129]' drives wired logic; the port direction may have been specified incorrectly. (LINT-6)
Warning: In design 'axis_matvec_mul', input port 's_axis_kx_tdata[128]' drives wired logic; the port direction may have been specified incorrectly. (LINT-6)
Warning: In design 'axis_matvec_mul', input port 's_axis_kx_tdata[127]' drives wired logic; the port direction may have been specified incorrectly. (LINT-6)
Warning: In design 'axis_matvec_mul', input port 's_axis_kx_tdata[126]' drives wired logic; the port direction may have been specified incorrectly. (LINT-6)
Warning: In design 'axis_matvec_mul', input port 's_axis_kx_tdata[125]' drives wired logic; the port direction may have been specified incorrectly. (LINT-6)
Warning: In design 'axis_matvec_mul', input port 's_axis_kx_tdata[124]' drives wired logic; the port direction may have been specified incorrectly. (LINT-6)
Warning: In design 'axis_matvec_mul', input port 's_axis_kx_tdata[123]' drives wired logic; the port direction may have been specified incorrectly. (LINT-6)
Warning: In design 'axis_matvec_mul', input port 's_axis_kx_tdata[122]' drives wired logic; the port direction may have been specified incorrectly. (LINT-6)
Warning: In design 'axis_matvec_mul', input port 's_axis_kx_tdata[121]' drives wired logic; the port direction may have been specified incorrectly. (LINT-6)
Warning: In design 'axis_matvec_mul', input port 's_axis_kx_tdata[120]' drives wired logic; the port direction may have been specified incorrectly. (LINT-6)
Warning: In design 'axis_matvec_mul', input port 's_axis_kx_tdata[119]' drives wired logic; the port direction may have been specified incorrectly. (LINT-6)
Warning: In design 'axis_matvec_mul', input port 's_axis_kx_tdata[118]' drives wired logic; the port direction may have been specified incorrectly. (LINT-6)
Warning: In design 'axis_matvec_mul', input port 's_axis_kx_tdata[117]' drives wired logic; the port direction may have been specified incorrectly. (LINT-6)
Warning: In design 'axis_matvec_mul', input port 's_axis_kx_tdata[116]' drives wired logic; the port direction may have been specified incorrectly. (LINT-6)
Warning: In design 'axis_matvec_mul', input port 's_axis_kx_tdata[115]' drives wired logic; the port direction may have been specified incorrectly. (LINT-6)
Warning: In design 'axis_matvec_mul', input port 's_axis_kx_tdata[114]' drives wired logic; the port direction may have been specified incorrectly. (LINT-6)
Warning: In design 'axis_matvec_mul', input port 's_axis_kx_tdata[113]' drives wired logic; the port direction may have been specified incorrectly. (LINT-6)
Warning: In design 'axis_matvec_mul', input port 's_axis_kx_tdata[112]' drives wired logic; the port direction may have been specified incorrectly. (LINT-6)
Warning: In design 'axis_matvec_mul', input port 's_axis_kx_tdata[111]' drives wired logic; the port direction may have been specified incorrectly. (LINT-6)
Warning: In design 'axis_matvec_mul', input port 's_axis_kx_tdata[110]' drives wired logic; the port direction may have been specified incorrectly. (LINT-6)
Warning: In design 'axis_matvec_mul', input port 's_axis_kx_tdata[109]' drives wired logic; the port direction may have been specified incorrectly. (LINT-6)
Warning: In design 'axis_matvec_mul', input port 's_axis_kx_tdata[108]' drives wired logic; the port direction may have been specified incorrectly. (LINT-6)
Warning: In design 'axis_matvec_mul', input port 's_axis_kx_tdata[107]' drives wired logic; the port direction may have been specified incorrectly. (LINT-6)
Warning: In design 'axis_matvec_mul', input port 's_axis_kx_tdata[106]' drives wired logic; the port direction may have been specified incorrectly. (LINT-6)
Warning: In design 'axis_matvec_mul', input port 's_axis_kx_tdata[105]' drives wired logic; the port direction may have been specified incorrectly. (LINT-6)
Warning: In design 'axis_matvec_mul', input port 's_axis_kx_tdata[104]' drives wired logic; the port direction may have been specified incorrectly. (LINT-6)
Warning: In design 'axis_matvec_mul', input port 's_axis_kx_tdata[103]' drives wired logic; the port direction may have been specified incorrectly. (LINT-6)
Warning: In design 'axis_matvec_mul', input port 's_axis_kx_tdata[102]' drives wired logic; the port direction may have been specified incorrectly. (LINT-6)
Warning: In design 'axis_matvec_mul', input port 's_axis_kx_tdata[101]' drives wired logic; the port direction may have been specified incorrectly. (LINT-6)
Warning: In design 'axis_matvec_mul', input port 's_axis_kx_tdata[100]' drives wired logic; the port direction may have been specified incorrectly. (LINT-6)
Warning: In design 'axis_matvec_mul', input port 's_axis_kx_tdata[99]' drives wired logic; the port direction may have been specified incorrectly. (LINT-6)
Warning: In design 'axis_matvec_mul', input port 's_axis_kx_tdata[98]' drives wired logic; the port direction may have been specified incorrectly. (LINT-6)
Warning: In design 'axis_matvec_mul', input port 's_axis_kx_tdata[97]' drives wired logic; the port direction may have been specified incorrectly. (LINT-6)
Warning: In design 'axis_matvec_mul', input port 's_axis_kx_tdata[96]' drives wired logic; the port direction may have been specified incorrectly. (LINT-6)
Warning: In design 'axis_matvec_mul', input port 's_axis_kx_tdata[95]' drives wired logic; the port direction may have been specified incorrectly. (LINT-6)
Warning: In design 'axis_matvec_mul', input port 's_axis_kx_tdata[94]' drives wired logic; the port direction may have been specified incorrectly. (LINT-6)
Warning: In design 'axis_matvec_mul', input port 's_axis_kx_tdata[93]' drives wired logic; the port direction may have been specified incorrectly. (LINT-6)
Warning: In design 'axis_matvec_mul', input port 's_axis_kx_tdata[92]' drives wired logic; the port direction may have been specified incorrectly. (LINT-6)
Warning: In design 'axis_matvec_mul', input port 's_axis_kx_tdata[91]' drives wired logic; the port direction may have been specified incorrectly. (LINT-6)
Warning: In design 'axis_matvec_mul', input port 's_axis_kx_tdata[90]' drives wired logic; the port direction may have been specified incorrectly. (LINT-6)
Warning: In design 'axis_matvec_mul', input port 's_axis_kx_tdata[89]' drives wired logic; the port direction may have been specified incorrectly. (LINT-6)
Warning: In design 'axis_matvec_mul', input port 's_axis_kx_tdata[88]' drives wired logic; the port direction may have been specified incorrectly. (LINT-6)
Warning: In design 'axis_matvec_mul', input port 's_axis_kx_tdata[87]' drives wired logic; the port direction may have been specified incorrectly. (LINT-6)
Warning: In design 'axis_matvec_mul', input port 's_axis_kx_tdata[86]' drives wired logic; the port direction may have been specified incorrectly. (LINT-6)
Warning: In design 'axis_matvec_mul', input port 's_axis_kx_tdata[85]' drives wired logic; the port direction may have been specified incorrectly. (LINT-6)
Warning: In design 'axis_matvec_mul', input port 's_axis_kx_tdata[84]' drives wired logic; the port direction may have been specified incorrectly. (LINT-6)
Warning: In design 'axis_matvec_mul', input port 's_axis_kx_tdata[83]' drives wired logic; the port direction may have been specified incorrectly. (LINT-6)
Warning: In design 'axis_matvec_mul', input port 's_axis_kx_tdata[82]' drives wired logic; the port direction may have been specified incorrectly. (LINT-6)
Warning: In design 'axis_matvec_mul', input port 's_axis_kx_tdata[81]' drives wired logic; the port direction may have been specified incorrectly. (LINT-6)
Warning: In design 'axis_matvec_mul', input port 's_axis_kx_tdata[80]' drives wired logic; the port direction may have been specified incorrectly. (LINT-6)
Warning: In design 'axis_matvec_mul', input port 's_axis_kx_tdata[79]' drives wired logic; the port direction may have been specified incorrectly. (LINT-6)
Warning: In design 'axis_matvec_mul', input port 's_axis_kx_tdata[78]' drives wired logic; the port direction may have been specified incorrectly. (LINT-6)
Warning: In design 'axis_matvec_mul', input port 's_axis_kx_tdata[77]' drives wired logic; the port direction may have been specified incorrectly. (LINT-6)
Warning: In design 'axis_matvec_mul', input port 's_axis_kx_tdata[76]' drives wired logic; the port direction may have been specified incorrectly. (LINT-6)
Warning: In design 'axis_matvec_mul', input port 's_axis_kx_tdata[75]' drives wired logic; the port direction may have been specified incorrectly. (LINT-6)
Warning: In design 'axis_matvec_mul', input port 's_axis_kx_tdata[74]' drives wired logic; the port direction may have been specified incorrectly. (LINT-6)
Warning: In design 'axis_matvec_mul', input port 's_axis_kx_tdata[73]' drives wired logic; the port direction may have been specified incorrectly. (LINT-6)
Warning: In design 'axis_matvec_mul', input port 's_axis_kx_tdata[72]' drives wired logic; the port direction may have been specified incorrectly. (LINT-6)
Warning: In design 'axis_matvec_mul', input port 's_axis_kx_tdata[71]' drives wired logic; the port direction may have been specified incorrectly. (LINT-6)
Warning: In design 'axis_matvec_mul', input port 's_axis_kx_tdata[70]' drives wired logic; the port direction may have been specified incorrectly. (LINT-6)
Warning: In design 'axis_matvec_mul', input port 's_axis_kx_tdata[69]' drives wired logic; the port direction may have been specified incorrectly. (LINT-6)
Warning: In design 'axis_matvec_mul', input port 's_axis_kx_tdata[68]' drives wired logic; the port direction may have been specified incorrectly. (LINT-6)
Warning: In design 'axis_matvec_mul', input port 's_axis_kx_tdata[67]' drives wired logic; the port direction may have been specified incorrectly. (LINT-6)
Warning: In design 'axis_matvec_mul', input port 's_axis_kx_tdata[66]' drives wired logic; the port direction may have been specified incorrectly. (LINT-6)
Warning: In design 'axis_matvec_mul', input port 's_axis_kx_tdata[65]' drives wired logic; the port direction may have been specified incorrectly. (LINT-6)
Warning: In design 'axis_matvec_mul', input port 's_axis_kx_tdata[64]' drives wired logic; the port direction may have been specified incorrectly. (LINT-6)
Warning: In design 'axis_matvec_mul', input port 's_axis_kx_tdata[63]' drives wired logic; the port direction may have been specified incorrectly. (LINT-6)
Warning: In design 'axis_matvec_mul', input port 's_axis_kx_tdata[62]' drives wired logic; the port direction may have been specified incorrectly. (LINT-6)
Warning: In design 'axis_matvec_mul', input port 's_axis_kx_tdata[61]' drives wired logic; the port direction may have been specified incorrectly. (LINT-6)
Warning: In design 'axis_matvec_mul', input port 's_axis_kx_tdata[60]' drives wired logic; the port direction may have been specified incorrectly. (LINT-6)
Warning: In design 'axis_matvec_mul', input port 's_axis_kx_tdata[59]' drives wired logic; the port direction may have been specified incorrectly. (LINT-6)
Warning: In design 'axis_matvec_mul', input port 's_axis_kx_tdata[58]' drives wired logic; the port direction may have been specified incorrectly. (LINT-6)
Warning: In design 'axis_matvec_mul', input port 's_axis_kx_tdata[57]' drives wired logic; the port direction may have been specified incorrectly. (LINT-6)
Warning: In design 'axis_matvec_mul', input port 's_axis_kx_tdata[56]' drives wired logic; the port direction may have been specified incorrectly. (LINT-6)
Warning: In design 'axis_matvec_mul', input port 's_axis_kx_tdata[55]' drives wired logic; the port direction may have been specified incorrectly. (LINT-6)
Warning: In design 'axis_matvec_mul', input port 's_axis_kx_tdata[54]' drives wired logic; the port direction may have been specified incorrectly. (LINT-6)
Warning: In design 'axis_matvec_mul', input port 's_axis_kx_tdata[53]' drives wired logic; the port direction may have been specified incorrectly. (LINT-6)
Warning: In design 'axis_matvec_mul', input port 's_axis_kx_tdata[52]' drives wired logic; the port direction may have been specified incorrectly. (LINT-6)
Warning: In design 'axis_matvec_mul', input port 's_axis_kx_tdata[51]' drives wired logic; the port direction may have been specified incorrectly. (LINT-6)
Warning: In design 'axis_matvec_mul', input port 's_axis_kx_tdata[50]' drives wired logic; the port direction may have been specified incorrectly. (LINT-6)
Warning: In design 'axis_matvec_mul', input port 's_axis_kx_tdata[49]' drives wired logic; the port direction may have been specified incorrectly. (LINT-6)
Warning: In design 'axis_matvec_mul', input port 's_axis_kx_tdata[48]' drives wired logic; the port direction may have been specified incorrectly. (LINT-6)
Warning: In design 'axis_matvec_mul', input port 's_axis_kx_tdata[47]' drives wired logic; the port direction may have been specified incorrectly. (LINT-6)
Warning: In design 'axis_matvec_mul', input port 's_axis_kx_tdata[46]' drives wired logic; the port direction may have been specified incorrectly. (LINT-6)
Warning: In design 'axis_matvec_mul', input port 's_axis_kx_tdata[45]' drives wired logic; the port direction may have been specified incorrectly. (LINT-6)
Warning: In design 'axis_matvec_mul', input port 's_axis_kx_tdata[44]' drives wired logic; the port direction may have been specified incorrectly. (LINT-6)
Warning: In design 'axis_matvec_mul', input port 's_axis_kx_tdata[43]' drives wired logic; the port direction may have been specified incorrectly. (LINT-6)
Warning: In design 'axis_matvec_mul', input port 's_axis_kx_tdata[42]' drives wired logic; the port direction may have been specified incorrectly. (LINT-6)
Warning: In design 'axis_matvec_mul', input port 's_axis_kx_tdata[41]' drives wired logic; the port direction may have been specified incorrectly. (LINT-6)
Warning: In design 'axis_matvec_mul', input port 's_axis_kx_tdata[40]' drives wired logic; the port direction may have been specified incorrectly. (LINT-6)
Warning: In design 'axis_matvec_mul', input port 's_axis_kx_tdata[39]' drives wired logic; the port direction may have been specified incorrectly. (LINT-6)
Warning: In design 'axis_matvec_mul', input port 's_axis_kx_tdata[38]' drives wired logic; the port direction may have been specified incorrectly. (LINT-6)
Warning: In design 'axis_matvec_mul', input port 's_axis_kx_tdata[37]' drives wired logic; the port direction may have been specified incorrectly. (LINT-6)
Warning: In design 'axis_matvec_mul', input port 's_axis_kx_tdata[36]' drives wired logic; the port direction may have been specified incorrectly. (LINT-6)
Warning: In design 'axis_matvec_mul', input port 's_axis_kx_tdata[35]' drives wired logic; the port direction may have been specified incorrectly. (LINT-6)
Warning: In design 'axis_matvec_mul', input port 's_axis_kx_tdata[34]' drives wired logic; the port direction may have been specified incorrectly. (LINT-6)
Warning: In design 'axis_matvec_mul', input port 's_axis_kx_tdata[33]' drives wired logic; the port direction may have been specified incorrectly. (LINT-6)
Warning: In design 'axis_matvec_mul', input port 's_axis_kx_tdata[32]' drives wired logic; the port direction may have been specified incorrectly. (LINT-6)
Warning: In design 'axis_matvec_mul', input port 's_axis_kx_tdata[31]' drives wired logic; the port direction may have been specified incorrectly. (LINT-6)
Warning: In design 'axis_matvec_mul', input port 's_axis_kx_tdata[30]' drives wired logic; the port direction may have been specified incorrectly. (LINT-6)
Warning: In design 'axis_matvec_mul', input port 's_axis_kx_tdata[29]' drives wired logic; the port direction may have been specified incorrectly. (LINT-6)
Warning: In design 'axis_matvec_mul', input port 's_axis_kx_tdata[28]' drives wired logic; the port direction may have been specified incorrectly. (LINT-6)
Warning: In design 'axis_matvec_mul', input port 's_axis_kx_tdata[27]' drives wired logic; the port direction may have been specified incorrectly. (LINT-6)
Warning: In design 'axis_matvec_mul', input port 's_axis_kx_tdata[26]' drives wired logic; the port direction may have been specified incorrectly. (LINT-6)
Warning: In design 'axis_matvec_mul', input port 's_axis_kx_tdata[25]' drives wired logic; the port direction may have been specified incorrectly. (LINT-6)
Warning: In design 'axis_matvec_mul', input port 's_axis_kx_tdata[24]' drives wired logic; the port direction may have been specified incorrectly. (LINT-6)
Warning: In design 'axis_matvec_mul', input port 's_axis_kx_tdata[23]' drives wired logic; the port direction may have been specified incorrectly. (LINT-6)
Warning: In design 'axis_matvec_mul', input port 's_axis_kx_tdata[22]' drives wired logic; the port direction may have been specified incorrectly. (LINT-6)
Warning: In design 'axis_matvec_mul', input port 's_axis_kx_tdata[21]' drives wired logic; the port direction may have been specified incorrectly. (LINT-6)
Warning: In design 'axis_matvec_mul', input port 's_axis_kx_tdata[20]' drives wired logic; the port direction may have been specified incorrectly. (LINT-6)
Warning: In design 'axis_matvec_mul', input port 's_axis_kx_tdata[19]' drives wired logic; the port direction may have been specified incorrectly. (LINT-6)
Warning: In design 'axis_matvec_mul', input port 's_axis_kx_tdata[18]' drives wired logic; the port direction may have been specified incorrectly. (LINT-6)
Warning: In design 'axis_matvec_mul', input port 's_axis_kx_tdata[17]' drives wired logic; the port direction may have been specified incorrectly. (LINT-6)
Warning: In design 'axis_matvec_mul', input port 's_axis_kx_tdata[16]' drives wired logic; the port direction may have been specified incorrectly. (LINT-6)
Warning: In design 'axis_matvec_mul', input port 's_axis_kx_tdata[15]' drives wired logic; the port direction may have been specified incorrectly. (LINT-6)
Warning: In design 'axis_matvec_mul', input port 's_axis_kx_tdata[14]' drives wired logic; the port direction may have been specified incorrectly. (LINT-6)
Warning: In design 'axis_matvec_mul', input port 's_axis_kx_tdata[13]' drives wired logic; the port direction may have been specified incorrectly. (LINT-6)
Warning: In design 'axis_matvec_mul', input port 's_axis_kx_tdata[12]' drives wired logic; the port direction may have been specified incorrectly. (LINT-6)
Warning: In design 'axis_matvec_mul', input port 's_axis_kx_tdata[11]' drives wired logic; the port direction may have been specified incorrectly. (LINT-6)
Warning: In design 'axis_matvec_mul', input port 's_axis_kx_tdata[10]' drives wired logic; the port direction may have been specified incorrectly. (LINT-6)
Warning: In design 'axis_matvec_mul', input port 's_axis_kx_tdata[9]' drives wired logic; the port direction may have been specified incorrectly. (LINT-6)
Warning: In design 'axis_matvec_mul', input port 's_axis_kx_tdata[8]' drives wired logic; the port direction may have been specified incorrectly. (LINT-6)
Warning: In design 'axis_matvec_mul', input port 's_axis_kx_tdata[7]' drives wired logic; the port direction may have been specified incorrectly. (LINT-6)
Warning: In design 'axis_matvec_mul', input port 's_axis_kx_tdata[6]' drives wired logic; the port direction may have been specified incorrectly. (LINT-6)
Warning: In design 'axis_matvec_mul', input port 's_axis_kx_tdata[5]' drives wired logic; the port direction may have been specified incorrectly. (LINT-6)
Warning: In design 'axis_matvec_mul', input port 's_axis_kx_tdata[4]' drives wired logic; the port direction may have been specified incorrectly. (LINT-6)
Warning: In design 'axis_matvec_mul', input port 's_axis_kx_tdata[3]' drives wired logic; the port direction may have been specified incorrectly. (LINT-6)
Warning: In design 'axis_matvec_mul', input port 's_axis_kx_tdata[2]' drives wired logic; the port direction may have been specified incorrectly. (LINT-6)
Warning: In design 'axis_matvec_mul', input port 's_axis_kx_tdata[1]' drives wired logic; the port direction may have been specified incorrectly. (LINT-6)
Warning: In design 'axis_matvec_mul', input port 's_axis_kx_tdata[0]' drives wired logic; the port direction may have been specified incorrectly. (LINT-6)
Warning: In design 'axis_matvec_mul', input port 'm_axis_y_tready' drives wired logic; the port direction may have been specified incorrectly. (LINT-6)
Warning: In design 'axis_matvec_mul', three-state bus 'i_valid' has non three-state driver 'i_valid_reg/Q'. (LINT-34)
1
